{"/home/travis/build/npmtest/node-npmtest-gitbook-cli/test.js":{"path":"/home/travis/build/npmtest/node-npmtest-gitbook-cli/test.js","s":{"1":2,"2":2,"3":2,"4":2,"5":2,"6":2,"7":2,"8":1,"9":2,"10":2,"11":1,"12":1,"13":1,"14":1,"15":2,"16":2,"17":2,"18":2,"19":1,"20":1,"21":2,"22":2,"23":2,"24":1,"25":1,"26":1,"27":1,"28":1,"29":1,"30":1,"31":1,"32":1,"33":1,"34":1,"35":1,"36":1,"37":1,"38":1,"39":2,"40":2,"41":1,"42":2,"43":2,"44":1,"45":2,"46":2,"47":1,"48":2,"49":2,"50":1,"51":1,"52":1,"53":1,"54":1},"b":{"1":[2,1,1,1],"2":[1,1,1,1],"3":[1,1],"4":[1,1],"5":[1,1],"6":[1,1],"7":[1,1],"8":[1,1],"9":[1,1],"10":[1,1,1],"11":[1,1],"12":[1,1],"13":[1,1],"14":[1,1],"15":[1,1],"16":[1,1],"17":[1,1]},"f":{"1":2,"2":2,"3":2,"4":2,"5":2,"6":1,"7":1,"8":1,"9":2,"10":2,"11":2,"12":2,"13":1},"fnMap":{"1":{"name":"(anonymous_1)","line":12,"loc":{"start":{"line":12,"column":1},"end":{"line":12,"column":13}}},"2":{"name":"(anonymous_2)","line":19,"loc":{"start":{"line":19,"column":5},"end":{"line":19,"column":17}}},"3":{"name":"(anonymous_3)","line":23,"loc":{"start":{"line":23,"column":24},"end":{"line":23,"column":36}}},"4":{"name":"(anonymous_4)","line":61,"loc":{"start":{"line":61,"column":5},"end":{"line":61,"column":17}}},"5":{"name":"(anonymous_5)","line":82,"loc":{"start":{"line":82,"column":5},"end":{"line":82,"column":17}}},"6":{"name":"(anonymous_6)","line":91,"loc":{"start":{"line":91,"column":77},"end":{"line":94,"column":10}}},"7":{"name":"(anonymous_7)","line":112,"loc":{"start":{"line":112,"column":83},"end":{"line":115,"column":10}},"skip":true},"8":{"name":"(anonymous_8)","line":123,"loc":{"start":{"line":123,"column":77},"end":{"line":126,"column":10}},"skip":true},"9":{"name":"(anonymous_9)","line":139,"loc":{"start":{"line":139,"column":12},"end":{"line":139,"column":40}},"skip":true},"10":{"name":"(anonymous_10)","line":147,"loc":{"start":{"line":147,"column":77},"end":{"line":150,"column":10}},"skip":true},"11":{"name":"(anonymous_11)","line":158,"loc":{"start":{"line":158,"column":83},"end":{"line":161,"column":10}},"skip":true},"12":{"name":"(anonymous_12)","line":169,"loc":{"start":{"line":169,"column":79},"end":{"line":172,"column":10}},"skip":true},"13":{"name":"(anonymous_13)","line":180,"loc":{"start":{"line":180,"column":75},"end":{"line":183,"column":10}},"skip":true}},"statementMap":{"1":{"start":{"line":12,"column":0},"end":{"line":195,"column":5}},"2":{"start":{"line":14,"column":4},"end":{"line":14,"column":14}},"3":{"start":{"line":19,"column":4},"end":{"line":56,"column":9}},"4":{"start":{"line":21,"column":8},"end":{"line":21,"column":19}},"5":{"start":{"line":23,"column":8},"end":{"line":35,"column":13}},"6":{"start":{"line":24,"column":12},"end":{"line":34,"column":13}},"7":{"start":{"line":25,"column":16},"end":{"line":28,"column":30}},"8":{"start":{"line":30,"column":16},"end":{"line":33,"column":27}},"9":{"start":{"line":37,"column":8},"end":{"line":39,"column":21}},"10":{"start":{"line":40,"column":8},"end":{"line":53,"column":9}},"11":{"start":{"line":43,"column":12},"end":{"line":46,"column":14}},"12":{"start":{"line":47,"column":12},"end":{"line":47,"column":18}},"13":{"start":{"line":50,"column":12},"end":{"line":51,"column":46}},"14":{"start":{"line":52,"column":12},"end":{"line":52,"column":18}},"15":{"start":{"line":55,"column":8},"end":{"line":55,"column":35}},"16":{"start":{"line":61,"column":4},"end":{"line":63,"column":9}},"17":{"start":{"line":62,"column":8},"end":{"line":62,"column":15}},"18":{"start":{"line":64,"column":4},"end":{"line":77,"column":5}},"19":{"start":{"line":70,"column":8},"end":{"line":70,"column":14}},"20":{"start":{"line":76,"column":8},"end":{"line":76,"column":14}},"21":{"start":{"line":82,"column":4},"end":{"line":84,"column":9}},"22":{"start":{"line":83,"column":8},"end":{"line":83,"column":15}},"23":{"start":{"line":85,"column":4},"end":{"line":194,"column":5}},"24":{"start":{"line":91,"column":8},"end":{"line":99,"column":10}},"25":{"start":{"line":98,"column":12},"end":{"line":98,"column":35}},"26":{"start":{"line":102,"column":8},"end":{"line":104,"column":63}},"27":{"start":{"line":105,"column":8},"end":{"line":105,"column":14}},"28":{"start":{"line":112,"column":8},"end":{"line":121,"column":10},"skip":true},"29":{"start":{"line":119,"column":12},"end":{"line":119,"column":55},"skip":true},"30":{"start":{"line":120,"column":12},"end":{"line":120,"column":48},"skip":true},"31":{"start":{"line":123,"column":8},"end":{"line":136,"column":10},"skip":true},"32":{"start":{"line":130,"column":12},"end":{"line":130,"column":76},"skip":true},"33":{"start":{"line":131,"column":12},"end":{"line":131,"column":73},"skip":true},"34":{"start":{"line":132,"column":12},"end":{"line":132,"column":74},"skip":true},"35":{"start":{"line":133,"column":12},"end":{"line":133,"column":79},"skip":true},"36":{"start":{"line":134,"column":12},"end":{"line":134,"column":25},"skip":true},"37":{"start":{"line":135,"column":12},"end":{"line":135,"column":45},"skip":true},"38":{"start":{"line":138,"column":8},"end":{"line":145,"column":14},"skip":true},"39":{"start":{"line":143,"column":16},"end":{"line":143,"column":29},"skip":true},"40":{"start":{"line":144,"column":16},"end":{"line":144,"column":55},"skip":true},"41":{"start":{"line":147,"column":8},"end":{"line":156,"column":10},"skip":true},"42":{"start":{"line":154,"column":12},"end":{"line":154,"column":25},"skip":true},"43":{"start":{"line":155,"column":12},"end":{"line":155,"column":45},"skip":true},"44":{"start":{"line":158,"column":8},"end":{"line":167,"column":10},"skip":true},"45":{"start":{"line":165,"column":12},"end":{"line":165,"column":25},"skip":true},"46":{"start":{"line":166,"column":12},"end":{"line":166,"column":48},"skip":true},"47":{"start":{"line":169,"column":8},"end":{"line":178,"column":10},"skip":true},"48":{"start":{"line":176,"column":12},"end":{"line":176,"column":25},"skip":true},"49":{"start":{"line":177,"column":12},"end":{"line":177,"column":46},"skip":true},"50":{"start":{"line":180,"column":8},"end":{"line":189,"column":10},"skip":true},"51":{"start":{"line":187,"column":12},"end":{"line":187,"column":94},"skip":true},"52":{"start":{"line":188,"column":12},"end":{"line":188,"column":48},"skip":true},"53":{"start":{"line":192,"column":8},"end":{"line":192,"column":35},"skip":true},"54":{"start":{"line":193,"column":8},"end":{"line":193,"column":14},"skip":true}},"branchMap":{"1":{"line":25,"type":"binary-expr","locations":[{"start":{"line":25,"column":23},"end":{"line":25,"column":62}},{"start":{"line":26,"column":20},"end":{"line":26,"column":70}},{"start":{"line":27,"column":20},"end":{"line":27,"column":71}},{"start":{"line":28,"column":20},"end":{"line":28,"column":29}}]},"2":{"line":30,"type":"binary-expr","locations":[{"start":{"line":30,"column":23},"end":{"line":30,"column":37}},{"start":{"line":31,"column":20},"end":{"line":31,"column":61}},{"start":{"line":32,"column":20},"end":{"line":32,"column":70}},{"start":{"line":33,"column":20},"end":{"line":33,"column":26}}]},"3":{"line":37,"type":"cond-expr","locations":[{"start":{"line":38,"column":14},"end":{"line":38,"column":20}},{"start":{"line":39,"column":14},"end":{"line":39,"column":20}}]},"4":{"line":40,"type":"switch","locations":[{"start":{"line":42,"column":8},"end":{"line":47,"column":18}},{"start":{"line":49,"column":8},"end":{"line":52,"column":18}}]},"5":{"line":44,"type":"binary-expr","locations":[{"start":{"line":44,"column":16},"end":{"line":44,"column":44}},{"start":{"line":44,"column":48},"end":{"line":44,"column":66}}]},"6":{"line":50,"type":"binary-expr","locations":[{"start":{"line":50,"column":21},"end":{"line":50,"column":49}},{"start":{"line":50,"column":53},"end":{"line":50,"column":72}}]},"7":{"line":64,"type":"switch","locations":[{"start":{"line":69,"column":4},"end":{"line":70,"column":14}},{"start":{"line":75,"column":4},"end":{"line":76,"column":14}}]},"8":{"line":85,"type":"switch","locations":[{"start":{"line":90,"column":4},"end":{"line":105,"column":14}},{"start":{"line":111,"column":4},"end":{"line":193,"column":14},"skip":true}]},"9":{"line":91,"type":"binary-expr","locations":[{"start":{"line":91,"column":42},"end":{"line":91,"column":73}},{"start":{"line":91,"column":77},"end":{"line":99,"column":9}}]},"10":{"line":102,"type":"binary-expr","locations":[{"start":{"line":102,"column":18},"end":{"line":102,"column":32}},{"start":{"line":103,"column":12},"end":{"line":103,"column":53}},{"start":{"line":104,"column":12},"end":{"line":104,"column":61}}]},"11":{"line":112,"type":"binary-expr","locations":[{"start":{"line":112,"column":45},"end":{"line":112,"column":79},"skip":true},{"start":{"line":112,"column":83},"end":{"line":121,"column":9},"skip":true}]},"12":{"line":123,"type":"binary-expr","locations":[{"start":{"line":123,"column":42},"end":{"line":123,"column":73},"skip":true},{"start":{"line":123,"column":77},"end":{"line":136,"column":9},"skip":true}]},"13":{"line":138,"type":"binary-expr","locations":[{"start":{"line":138,"column":48},"end":{"line":138,"column":85},"skip":true},{"start":{"line":139,"column":12},"end":{"line":145,"column":13},"skip":true}]},"14":{"line":147,"type":"binary-expr","locations":[{"start":{"line":147,"column":42},"end":{"line":147,"column":73},"skip":true},{"start":{"line":147,"column":77},"end":{"line":156,"column":9},"skip":true}]},"15":{"line":158,"type":"binary-expr","locations":[{"start":{"line":158,"column":45},"end":{"line":158,"column":79},"skip":true},{"start":{"line":158,"column":83},"end":{"line":167,"column":9},"skip":true}]},"16":{"line":169,"type":"binary-expr","locations":[{"start":{"line":169,"column":43},"end":{"line":169,"column":75},"skip":true},{"start":{"line":169,"column":79},"end":{"line":178,"column":9},"skip":true}]},"17":{"line":180,"type":"binary-expr","locations":[{"start":{"line":180,"column":41},"end":{"line":180,"column":71},"skip":true},{"start":{"line":180,"column":75},"end":{"line":189,"column":9},"skip":true}]}},"code":["/* istanbul instrument in package npmtest_gitbook_cli */","/*jslint","    bitwise: true,","    browser: true,","    maxerr: 8,","    maxlen: 96,","    node: true,","    nomen: true,","    regexp: true,","    stupid: true","*/","(function () {","    'use strict';","    var local;","","","","    // run shared js-env code - pre-init","    (function () {","        // init local","        local = {};","        // init modeJs","        local.modeJs = (function () {","            try {","                return typeof navigator.userAgent === 'string' &&","                    typeof document.querySelector('body') === 'object' &&","                    typeof XMLHttpRequest.prototype.open === 'function' &&","                    'browser';","            } catch (errorCaughtBrowser) {","                return module.exports &&","                    typeof process.versions.node === 'string' &&","                    typeof require('http').createServer === 'function' &&","                    'node';","            }","        }());","        // init global","        local.global = local.modeJs === 'browser'","            ? window","            : global;","        switch (local.modeJs) {","        // re-init local from window.local","        case 'browser':","            local = local.global.utility2.objectSetDefault(","                local.global.utility2_rollup || local.global.local,","                local.global.utility2","            );","            break;","        // re-init local from example.js","        case 'node':","            local = (local.global.utility2_rollup || require('utility2'))","                .requireExampleJsFromReadme();","            break;","        }","        // export local","        local.global.local = local;","    }());","","","","    // run shared js-env code - function","    (function () {","        return;","    }());","    switch (local.modeJs) {","","","","    // run browser js-env code - function","    case 'browser':","        break;","","","","    // run node js-env code - function","    case 'node':","        break;","    }","","","","    // run shared js-env code - post-init","    (function () {","        return;","    }());","    switch (local.modeJs) {","","","","    // run browser js-env code - post-init","    case 'browser':","        local.testCase_browser_nullCase = local.testCase_browser_nullCase || function (","            options,","            onError","        ) {","        /*","         * this function will test browsers's null-case handling-behavior-behavior","         */","            onError(null, options);","        };","","        // run tests","        local.nop(local.modeTest &&","            document.querySelector('#testRunButton1') &&","            document.querySelector('#testRunButton1').click());","        break;","","","","    // run node js-env code - post-init","    /* istanbul ignore next */","    case 'node':","        local.testCase_buildApidoc_default = local.testCase_buildApidoc_default || function (","            options,","            onError","        ) {","        /*","         * this function will test buildApidoc's default handling-behavior-behavior","         */","            options = { modulePathList: module.paths };","            local.buildApidoc(options, onError);","        };","","        local.testCase_buildApp_default = local.testCase_buildApp_default || function (","            options,","            onError","        ) {","        /*","         * this function will test buildApp's default handling-behavior-behavior","         */","            local.testCase_buildReadme_default(options, local.onErrorThrow);","            local.testCase_buildLib_default(options, local.onErrorThrow);","            local.testCase_buildTest_default(options, local.onErrorThrow);","            local.testCase_buildCustomOrg_default(options, local.onErrorThrow);","            options = [];","            local.buildApp(options, onError);","        };","","        local.testCase_buildCustomOrg_default = local.testCase_buildCustomOrg_default ||","            function (options, onError) {","            /*","             * this function will test buildCustomOrg's default handling-behavior","             */","                options = {};","                local.buildCustomOrg(options, onError);","            };","","        local.testCase_buildLib_default = local.testCase_buildLib_default || function (","            options,","            onError","        ) {","        /*","         * this function will test buildLib's default handling-behavior","         */","            options = {};","            local.buildLib(options, onError);","        };","","        local.testCase_buildReadme_default = local.testCase_buildReadme_default || function (","            options,","            onError","        ) {","        /*","         * this function will test buildReadme's default handling-behavior-behavior","         */","            options = {};","            local.buildReadme(options, onError);","        };","","        local.testCase_buildTest_default = local.testCase_buildTest_default || function (","            options,","            onError","        ) {","        /*","         * this function will test buildTest's default handling-behavior","         */","            options = {};","            local.buildTest(options, onError);","        };","","        local.testCase_webpage_default = local.testCase_webpage_default || function (","            options,","            onError","        ) {","        /*","         * this function will test webpage's default handling-behavior","         */","            options = { modeCoverageMerge: true, url: local.serverLocalHost + '?modeTest=1' };","            local.browserTest(options, onError);","        };","","        // run test-server","        local.testRunServer(local);","        break;","    }","}());",""],"l":{"12":2,"14":2,"19":2,"21":2,"23":2,"24":2,"25":2,"30":1,"37":2,"40":2,"43":1,"47":1,"50":1,"52":1,"55":2,"61":2,"62":2,"64":2,"70":1,"76":1,"82":2,"83":2,"85":2,"91":1,"98":1,"102":1,"105":1,"112":1,"119":1,"120":1,"123":1,"130":1,"131":1,"132":1,"133":1,"134":1,"135":1,"138":1,"143":2,"144":2,"147":1,"154":2,"155":2,"158":1,"165":2,"166":2,"169":1,"176":2,"177":2,"180":1,"187":1,"188":1,"192":1,"193":1}},"/home/travis/build/npmtest/node-npmtest-gitbook-cli/lib.npmtest_gitbook_cli.js":{"path":"/home/travis/build/npmtest/node-npmtest-gitbook-cli/lib.npmtest_gitbook_cli.js","s":{"1":2,"2":2,"3":2,"4":2,"5":2,"6":2,"7":2,"8":1,"9":2,"10":2,"11":2,"12":2,"13":1,"14":1,"15":1,"16":1},"b":{"1":[2,1,1,1],"2":[1,1,1,1],"3":[1,1],"4":[2,2],"5":[1,1]},"f":{"1":2,"2":2,"3":2},"fnMap":{"1":{"name":"(anonymous_1)","line":12,"loc":{"start":{"line":12,"column":1},"end":{"line":12,"column":13}}},"2":{"name":"(anonymous_2)","line":19,"loc":{"start":{"line":19,"column":5},"end":{"line":19,"column":17}}},"3":{"name":"(anonymous_3)","line":23,"loc":{"start":{"line":23,"column":24},"end":{"line":23,"column":36}}}},"statementMap":{"1":{"start":{"line":12,"column":0},"end":{"line":53,"column":5}},"2":{"start":{"line":14,"column":4},"end":{"line":14,"column":14}},"3":{"start":{"line":19,"column":4},"end":{"line":52,"column":9}},"4":{"start":{"line":21,"column":8},"end":{"line":21,"column":19}},"5":{"start":{"line":23,"column":8},"end":{"line":35,"column":13}},"6":{"start":{"line":24,"column":12},"end":{"line":34,"column":13}},"7":{"start":{"line":25,"column":16},"end":{"line":28,"column":30}},"8":{"start":{"line":30,"column":16},"end":{"line":33,"column":27}},"9":{"start":{"line":37,"column":8},"end":{"line":39,"column":21}},"10":{"start":{"line":41,"column":8},"end":{"line":41,"column":54}},"11":{"start":{"line":43,"column":8},"end":{"line":43,"column":56}},"12":{"start":{"line":45,"column":8},"end":{"line":51,"column":9}},"13":{"start":{"line":46,"column":12},"end":{"line":46,"column":62}},"14":{"start":{"line":48,"column":12},"end":{"line":48,"column":35}},"15":{"start":{"line":49,"column":12},"end":{"line":49,"column":49}},"16":{"start":{"line":50,"column":12},"end":{"line":50,"column":43}}},"branchMap":{"1":{"line":25,"type":"binary-expr","locations":[{"start":{"line":25,"column":23},"end":{"line":25,"column":62}},{"start":{"line":26,"column":20},"end":{"line":26,"column":70}},{"start":{"line":27,"column":20},"end":{"line":27,"column":71}},{"start":{"line":28,"column":20},"end":{"line":28,"column":29}}]},"2":{"line":30,"type":"binary-expr","locations":[{"start":{"line":30,"column":23},"end":{"line":30,"column":37}},{"start":{"line":31,"column":20},"end":{"line":31,"column":61}},{"start":{"line":32,"column":20},"end":{"line":32,"column":70}},{"start":{"line":33,"column":20},"end":{"line":33,"column":26}}]},"3":{"line":37,"type":"cond-expr","locations":[{"start":{"line":38,"column":14},"end":{"line":38,"column":20}},{"start":{"line":39,"column":14},"end":{"line":39,"column":20}}]},"4":{"line":41,"type":"binary-expr","locations":[{"start":{"line":41,"column":16},"end":{"line":41,"column":44}},{"start":{"line":41,"column":48},"end":{"line":41,"column":53}}]},"5":{"line":45,"type":"if","locations":[{"start":{"line":45,"column":8},"end":{"line":45,"column":8}},{"start":{"line":45,"column":8},"end":{"line":45,"column":8}}]}},"code":["/* istanbul instrument in package npmtest_gitbook_cli */","/*jslint","    bitwise: true,","    browser: true,","    maxerr: 8,","    maxlen: 96,","    node: true,","    nomen: true,","    regexp: true,","    stupid: true","*/","(function () {","    'use strict';","    var local;","","","","    // run shared js-env code - pre-init","    (function () {","        // init local","        local = {};","        // init modeJs","        local.modeJs = (function () {","            try {","                return typeof navigator.userAgent === 'string' &&","                    typeof document.querySelector('body') === 'object' &&","                    typeof XMLHttpRequest.prototype.open === 'function' &&","                    'browser';","            } catch (errorCaughtBrowser) {","                return module.exports &&","                    typeof process.versions.node === 'string' &&","                    typeof require('http').createServer === 'function' &&","                    'node';","            }","        }());","        // init global","        local.global = local.modeJs === 'browser'","            ? window","            : global;","        // init utility2_rollup","        local = local.global.utility2_rollup || local;","        // init lib","        local.local = local.npmtest_gitbook_cli = local;","        // init exports","        if (local.modeJs === 'browser') {","            local.global.utility2_npmtest_gitbook_cli = local;","        } else {","            module.exports = local;","            module.exports.__dirname = __dirname;","            module.exports.module = module;","        }","    }());","}());",""],"l":{"12":2,"14":2,"19":2,"21":2,"23":2,"24":2,"25":2,"30":1,"37":2,"41":2,"43":2,"45":2,"46":1,"48":1,"49":1,"50":1}},"/home/travis/build/npmtest/node-npmtest-gitbook-cli/example.js":{"path":"/home/travis/build/npmtest/node-npmtest-gitbook-cli/example.js","s":{"1":2,"2":2,"3":2,"4":2,"5":2,"6":2,"7":2,"8":1,"9":2,"10":2,"11":2,"12":2,"13":1,"14":2,"15":2,"16":2,"17":2,"18":2,"19":0,"20":2,"21":1,"22":1,"23":1,"24":1,"25":1,"26":0,"27":0,"28":1,"29":1,"30":2,"31":0,"32":0,"33":0,"34":1,"35":2,"36":2,"37":3,"38":3,"39":3,"40":3,"41":0,"42":3,"43":3,"44":3,"45":1,"46":3,"47":1,"48":1,"49":1,"50":1,"51":1,"52":1,"53":1,"54":1,"55":1,"56":1,"57":0,"58":1,"59":6,"60":6,"61":1,"62":2,"63":0,"64":2,"65":1,"66":1,"67":0,"68":0,"69":0,"70":0,"71":0,"72":0,"73":0,"74":0,"75":0,"76":0,"77":0,"78":0,"79":0,"80":0,"81":0,"82":0,"83":0},"b":{"1":[2,1,1,1],"2":[1,1,1,1],"3":[1,1],"4":[2,2],"5":[1,1],"6":[1,1],"7":[2,0],"8":[2,1,1,1,1,1],"9":[0,2,0],"10":[1,1],"11":[2,1,1],"12":[1,0],"13":[0,2],"14":[2,0,0,0,0,0,0],"15":[0,3],"16":[3,0],"17":[1,1],"18":[0,1],"19":[1,2,0,2],"20":[1,0],"21":[1,1],"22":[0,0],"23":[0,0],"24":[0,0],"25":[0,0],"26":[0,0],"27":[0,0],"28":[0,0]},"f":{"1":2,"2":2,"3":2,"4":2,"5":2,"6":2,"7":3,"8":3,"9":3,"10":1,"11":6,"12":0},"fnMap":{"1":{"name":"(anonymous_1)","line":26,"loc":{"start":{"line":26,"column":1},"end":{"line":26,"column":13}}},"2":{"name":"(anonymous_2)","line":33,"loc":{"start":{"line":33,"column":5},"end":{"line":33,"column":17}}},"3":{"name":"(anonymous_3)","line":37,"loc":{"start":{"line":37,"column":24},"end":{"line":37,"column":36}}},"4":{"name":"(anonymous_4)","line":69,"loc":{"start":{"line":69,"column":31},"end":{"line":69,"column":48}},"skip":true},"5":{"name":"(anonymous_5)","line":78,"loc":{"start":{"line":78,"column":26},"end":{"line":78,"column":45}},"skip":true},"6":{"name":"(anonymous_6)","line":123,"loc":{"start":{"line":123,"column":33},"end":{"line":123,"column":48}},"skip":true},"7":{"name":"(anonymous_7)","line":125,"loc":{"start":{"line":125,"column":27},"end":{"line":125,"column":39}},"skip":true},"8":{"name":"(anonymous_8)","line":133,"loc":{"start":{"line":133,"column":59},"end":{"line":133,"column":74}},"skip":true},"9":{"name":"(anonymous_9)","line":143,"loc":{"start":{"line":143,"column":45},"end":{"line":143,"column":62}},"skip":true},"10":{"name":"(anonymous_10)","line":144,"loc":{"start":{"line":144,"column":73},"end":{"line":144,"column":92}},"skip":true},"11":{"name":"(anonymous_11)","line":272,"loc":{"start":{"line":272,"column":51},"end":{"line":272,"column":77}},"skip":true},"12":{"name":"(anonymous_12)","line":315,"loc":{"start":{"line":315,"column":32},"end":{"line":315,"column":61}},"skip":true}},"statementMap":{"1":{"start":{"line":26,"column":0},"end":{"line":326,"column":5}},"2":{"start":{"line":28,"column":4},"end":{"line":28,"column":14}},"3":{"start":{"line":33,"column":4},"end":{"line":60,"column":9}},"4":{"start":{"line":35,"column":8},"end":{"line":35,"column":19}},"5":{"start":{"line":37,"column":8},"end":{"line":49,"column":13}},"6":{"start":{"line":38,"column":12},"end":{"line":48,"column":13}},"7":{"start":{"line":39,"column":16},"end":{"line":42,"column":30}},"8":{"start":{"line":44,"column":16},"end":{"line":47,"column":27}},"9":{"start":{"line":51,"column":8},"end":{"line":53,"column":21}},"10":{"start":{"line":55,"column":8},"end":{"line":57,"column":45}},"11":{"start":{"line":59,"column":8},"end":{"line":59,"column":35}},"12":{"start":{"line":61,"column":4},"end":{"line":325,"column":5}},"13":{"start":{"line":69,"column":8},"end":{"line":121,"column":10},"skip":true},"14":{"start":{"line":70,"column":12},"end":{"line":88,"column":13},"skip":true},"15":{"start":{"line":76,"column":16},"end":{"line":87,"column":19},"skip":true},"16":{"start":{"line":79,"column":20},"end":{"line":86,"column":21},"skip":true},"17":{"start":{"line":82,"column":24},"end":{"line":82,"column":43},"skip":true},"18":{"start":{"line":83,"column":24},"end":{"line":83,"column":30},"skip":true},"19":{"start":{"line":85,"column":24},"end":{"line":85,"column":49},"skip":true},"20":{"start":{"line":89,"column":12},"end":{"line":107,"column":13},"skip":true},"21":{"start":{"line":92,"column":16},"end":{"line":102,"column":17},"skip":true},"22":{"start":{"line":93,"column":20},"end":{"line":93,"column":86},"skip":true},"23":{"start":{"line":94,"column":20},"end":{"line":95,"column":45},"skip":true},"24":{"start":{"line":96,"column":20},"end":{"line":96,"column":42},"skip":true},"25":{"start":{"line":97,"column":20},"end":{"line":97,"column":48},"skip":true},"26":{"start":{"line":100,"column":20},"end":{"line":100,"column":85},"skip":true},"27":{"start":{"line":101,"column":20},"end":{"line":101,"column":96},"skip":true},"28":{"start":{"line":103,"column":16},"end":{"line":103,"column":22},"skip":true},"29":{"start":{"line":106,"column":16},"end":{"line":106,"column":22},"skip":true},"30":{"start":{"line":108,"column":12},"end":{"line":120,"column":13},"skip":true},"31":{"start":{"line":114,"column":16},"end":{"line":119,"column":17},"skip":true},"32":{"start":{"line":116,"column":20},"end":{"line":116,"column":78},"skip":true},"33":{"start":{"line":118,"column":20},"end":{"line":118,"column":47},"skip":true},"34":{"start":{"line":123,"column":8},"end":{"line":141,"column":11},"skip":true},"35":{"start":{"line":124,"column":12},"end":{"line":124,"column":54},"skip":true},"36":{"start":{"line":125,"column":12},"end":{"line":140,"column":14},"skip":true},"37":{"start":{"line":126,"column":16},"end":{"line":126,"column":28},"skip":true},"38":{"start":{"line":127,"column":16},"end":{"line":127,"column":69},"skip":true},"39":{"start":{"line":128,"column":16},"end":{"line":128,"column":75},"skip":true},"40":{"start":{"line":129,"column":16},"end":{"line":131,"column":17},"skip":true},"41":{"start":{"line":130,"column":20},"end":{"line":130,"column":27},"skip":true},"42":{"start":{"line":133,"column":16},"end":{"line":137,"column":36},"skip":true},"43":{"start":{"line":134,"column":20},"end":{"line":136,"column":55},"skip":true},"44":{"start":{"line":139,"column":16},"end":{"line":139,"column":57},"skip":true},"45":{"start":{"line":143,"column":8},"end":{"line":147,"column":11},"skip":true},"46":{"start":{"line":144,"column":12},"end":{"line":146,"column":15},"skip":true},"47":{"start":{"line":145,"column":16},"end":{"line":145,"column":70},"skip":true},"48":{"start":{"line":149,"column":8},"end":{"line":149,"column":31},"skip":true},"49":{"start":{"line":150,"column":8},"end":{"line":150,"column":14},"skip":true},"50":{"start":{"line":158,"column":8},"end":{"line":158,"column":31},"skip":true},"51":{"start":{"line":160,"column":8},"end":{"line":160,"column":33},"skip":true},"52":{"start":{"line":161,"column":8},"end":{"line":161,"column":37},"skip":true},"53":{"start":{"line":162,"column":8},"end":{"line":162,"column":35},"skip":true},"54":{"start":{"line":164,"column":8},"end":{"line":164,"column":50},"skip":true},"55":{"start":{"line":166,"column":8},"end":{"line":256,"column":2},"skip":true},"56":{"start":{"line":258,"column":8},"end":{"line":286,"column":9},"skip":true},"57":{"start":{"line":259,"column":12},"end":{"line":269,"column":14},"skip":true},"58":{"start":{"line":271,"column":12},"end":{"line":285,"column":19},"skip":true},"59":{"start":{"line":274,"column":20},"end":{"line":274,"column":35},"skip":true},"60":{"start":{"line":275,"column":20},"end":{"line":284,"column":21},"skip":true},"61":{"start":{"line":277,"column":24},"end":{"line":277,"column":64},"skip":true},"62":{"start":{"line":279,"column":24},"end":{"line":279,"column":40},"skip":true},"63":{"start":{"line":281,"column":24},"end":{"line":281,"column":40},"skip":true},"64":{"start":{"line":283,"column":24},"end":{"line":283,"column":39},"skip":true},"65":{"start":{"line":288,"column":8},"end":{"line":290,"column":9},"skip":true},"66":{"start":{"line":289,"column":12},"end":{"line":289,"column":18},"skip":true},"67":{"start":{"line":291,"column":8},"end":{"line":293,"column":54},"skip":true},"68":{"start":{"line":296,"column":8},"end":{"line":301,"column":37},"skip":true},"69":{"start":{"line":303,"column":8},"end":{"line":303,"column":82},"skip":true},"70":{"start":{"line":306,"column":8},"end":{"line":308,"column":9},"skip":true},"71":{"start":{"line":307,"column":12},"end":{"line":307,"column":82},"skip":true},"72":{"start":{"line":310,"column":8},"end":{"line":312,"column":9},"skip":true},"73":{"start":{"line":311,"column":12},"end":{"line":311,"column":18},"skip":true},"74":{"start":{"line":313,"column":8},"end":{"line":313,"column":54},"skip":true},"75":{"start":{"line":314,"column":8},"end":{"line":314,"column":69},"skip":true},"76":{"start":{"line":315,"column":8},"end":{"line":323,"column":36},"skip":true},"77":{"start":{"line":316,"column":12},"end":{"line":316,"column":61},"skip":true},"78":{"start":{"line":317,"column":12},"end":{"line":320,"column":13},"skip":true},"79":{"start":{"line":318,"column":16},"end":{"line":318,"column":75},"skip":true},"80":{"start":{"line":319,"column":16},"end":{"line":319,"column":23},"skip":true},"81":{"start":{"line":321,"column":12},"end":{"line":321,"column":38},"skip":true},"82":{"start":{"line":322,"column":12},"end":{"line":322,"column":27},"skip":true},"83":{"start":{"line":324,"column":8},"end":{"line":324,"column":14},"skip":true}},"branchMap":{"1":{"line":39,"type":"binary-expr","locations":[{"start":{"line":39,"column":23},"end":{"line":39,"column":62}},{"start":{"line":40,"column":20},"end":{"line":40,"column":70}},{"start":{"line":41,"column":20},"end":{"line":41,"column":71}},{"start":{"line":42,"column":20},"end":{"line":42,"column":29}}]},"2":{"line":44,"type":"binary-expr","locations":[{"start":{"line":44,"column":23},"end":{"line":44,"column":37}},{"start":{"line":45,"column":20},"end":{"line":45,"column":61}},{"start":{"line":46,"column":20},"end":{"line":46,"column":70}},{"start":{"line":47,"column":20},"end":{"line":47,"column":26}}]},"3":{"line":51,"type":"cond-expr","locations":[{"start":{"line":52,"column":14},"end":{"line":52,"column":20}},{"start":{"line":53,"column":14},"end":{"line":53,"column":20}}]},"4":{"line":55,"type":"binary-expr","locations":[{"start":{"line":55,"column":16},"end":{"line":55,"column":44}},{"start":{"line":55,"column":49},"end":{"line":57,"column":43}}]},"5":{"line":55,"type":"cond-expr","locations":[{"start":{"line":56,"column":14},"end":{"line":56,"column":55}},{"start":{"line":57,"column":14},"end":{"line":57,"column":43}}]},"6":{"line":61,"type":"switch","locations":[{"start":{"line":68,"column":4},"end":{"line":150,"column":14},"skip":true},{"start":{"line":156,"column":4},"end":{"line":324,"column":14},"skip":true}]},"7":{"line":70,"type":"if","locations":[{"start":{"line":70,"column":12},"end":{"line":70,"column":12},"skip":true},{"start":{"line":70,"column":12},"end":{"line":70,"column":12},"skip":true}]},"8":{"line":70,"type":"binary-expr","locations":[{"start":{"line":70,"column":16},"end":{"line":70,"column":22},"skip":true},{"start":{"line":70,"column":27},"end":{"line":70,"column":32},"skip":true},{"start":{"line":71,"column":20},"end":{"line":71,"column":39},"skip":true},{"start":{"line":72,"column":20},"end":{"line":72,"column":49},"skip":true},{"start":{"line":73,"column":20},"end":{"line":73,"column":58},"skip":true},{"start":{"line":74,"column":20},"end":{"line":74,"column":69},"skip":true}]},"9":{"line":79,"type":"switch","locations":[{"start":{"line":80,"column":20},"end":{"line":80,"column":33},"skip":true},{"start":{"line":81,"column":20},"end":{"line":83,"column":30},"skip":true},{"start":{"line":84,"column":20},"end":{"line":85,"column":49},"skip":true}]},"10":{"line":89,"type":"switch","locations":[{"start":{"line":90,"column":12},"end":{"line":103,"column":22},"skip":true},{"start":{"line":105,"column":12},"end":{"line":106,"column":22},"skip":true}]},"11":{"line":89,"type":"binary-expr","locations":[{"start":{"line":89,"column":20},"end":{"line":89,"column":25},"skip":true},{"start":{"line":89,"column":29},"end":{"line":89,"column":48},"skip":true},{"start":{"line":89,"column":52},"end":{"line":89,"column":74},"skip":true}]},"12":{"line":92,"type":"if","locations":[{"start":{"line":92,"column":16},"end":{"line":92,"column":16},"skip":true},{"start":{"line":92,"column":16},"end":{"line":92,"column":16},"skip":true}]},"13":{"line":108,"type":"if","locations":[{"start":{"line":108,"column":12},"end":{"line":108,"column":12},"skip":true},{"start":{"line":108,"column":12},"end":{"line":108,"column":12},"skip":true}]},"14":{"line":108,"type":"binary-expr","locations":[{"start":{"line":108,"column":16},"end":{"line":108,"column":61},"skip":true},{"start":{"line":108,"column":66},"end":{"line":108,"column":72},"skip":true},{"start":{"line":108,"column":77},"end":{"line":108,"column":82},"skip":true},{"start":{"line":109,"column":20},"end":{"line":109,"column":39},"skip":true},{"start":{"line":110,"column":20},"end":{"line":110,"column":49},"skip":true},{"start":{"line":111,"column":20},"end":{"line":111,"column":58},"skip":true},{"start":{"line":112,"column":20},"end":{"line":112,"column":68},"skip":true}]},"15":{"line":129,"type":"if","locations":[{"start":{"line":129,"column":16},"end":{"line":129,"column":16},"skip":true},{"start":{"line":129,"column":16},"end":{"line":129,"column":16},"skip":true}]},"16":{"line":134,"type":"cond-expr","locations":[{"start":{"line":135,"column":26},"end":{"line":135,"column":29},"skip":true},{"start":{"line":136,"column":26},"end":{"line":136,"column":54},"skip":true}]},"17":{"line":164,"type":"binary-expr","locations":[{"start":{"line":164,"column":27},"end":{"line":164,"column":43},"skip":true},{"start":{"line":164,"column":47},"end":{"line":164,"column":49},"skip":true}]},"18":{"line":258,"type":"if","locations":[{"start":{"line":258,"column":8},"end":{"line":258,"column":8},"skip":true},{"start":{"line":258,"column":8},"end":{"line":258,"column":8},"skip":true}]},"19":{"line":275,"type":"switch","locations":[{"start":{"line":276,"column":20},"end":{"line":277,"column":64},"skip":true},{"start":{"line":278,"column":20},"end":{"line":279,"column":40},"skip":true},{"start":{"line":280,"column":20},"end":{"line":281,"column":40},"skip":true},{"start":{"line":282,"column":20},"end":{"line":283,"column":39},"skip":true}]},"20":{"line":288,"type":"if","locations":[{"start":{"line":288,"column":8},"end":{"line":288,"column":8},"skip":true},{"start":{"line":288,"column":8},"end":{"line":288,"column":8},"skip":true}]},"21":{"line":288,"type":"binary-expr","locations":[{"start":{"line":288,"column":12},"end":{"line":288,"column":40},"skip":true},{"start":{"line":288,"column":44},"end":{"line":288,"column":67},"skip":true}]},"22":{"line":292,"type":"binary-expr","locations":[{"start":{"line":292,"column":12},"end":{"line":292,"column":50},"skip":true},{"start":{"line":293,"column":12},"end":{"line":293,"column":53},"skip":true}]},"23":{"line":297,"type":"binary-expr","locations":[{"start":{"line":297,"column":12},"end":{"line":297,"column":69},"skip":true},{"start":{"line":298,"column":12},"end":{"line":301,"column":36},"skip":true}]},"24":{"line":303,"type":"binary-expr","locations":[{"start":{"line":303,"column":43},"end":{"line":303,"column":75},"skip":true},{"start":{"line":303,"column":79},"end":{"line":303,"column":81},"skip":true}]},"25":{"line":306,"type":"if","locations":[{"start":{"line":306,"column":8},"end":{"line":306,"column":8},"skip":true},{"start":{"line":306,"column":8},"end":{"line":306,"column":8},"skip":true}]},"26":{"line":310,"type":"if","locations":[{"start":{"line":310,"column":8},"end":{"line":310,"column":8},"skip":true},{"start":{"line":310,"column":8},"end":{"line":310,"column":8},"skip":true}]},"27":{"line":313,"type":"binary-expr","locations":[{"start":{"line":313,"column":27},"end":{"line":313,"column":43},"skip":true},{"start":{"line":313,"column":47},"end":{"line":313,"column":53},"skip":true}]},"28":{"line":317,"type":"if","locations":[{"start":{"line":317,"column":12},"end":{"line":317,"column":12},"skip":true},{"start":{"line":317,"column":12},"end":{"line":317,"column":12},"skip":true}]}},"code":["/*","example.js","","quickstart example","","instruction","    1. save this script as example.js","    2. run the shell command:","        $ npm install npmtest-gitbook-cli && PORT=8081 node example.js","    3. play with the browser-demo on http://127.0.0.1:8081","*/","","","","/* istanbul instrument in package npmtest_gitbook_cli */","/*jslint","    bitwise: true,","    browser: true,","    maxerr: 8,","    maxlen: 96,","    node: true,","    nomen: true,","    regexp: true,","    stupid: true","*/","(function () {","    'use strict';","    var local;","","","","    // run shared js-env code - pre-init","    (function () {","        // init local","        local = {};","        // init modeJs","        local.modeJs = (function () {","            try {","                return typeof navigator.userAgent === 'string' &&","                    typeof document.querySelector('body') === 'object' &&","                    typeof XMLHttpRequest.prototype.open === 'function' &&","                    'browser';","            } catch (errorCaughtBrowser) {","                return module.exports &&","                    typeof process.versions.node === 'string' &&","                    typeof require('http').createServer === 'function' &&","                    'node';","            }","        }());","        // init global","        local.global = local.modeJs === 'browser'","            ? window","            : global;","        // init utility2_rollup","        local = local.global.utility2_rollup || (local.modeJs === 'browser'","            ? local.global.utility2_npmtest_gitbook_cli","            : global.utility2_moduleExports);","        // export local","        local.global.local = local;","    }());","    switch (local.modeJs) {","","","","    // post-init","    // run browser js-env code - post-init","    /* istanbul ignore next */","    case 'browser':","        local.testRunBrowser = function (event) {","            if (!event || (event &&","                    event.currentTarget &&","                    event.currentTarget.className &&","                    event.currentTarget.className.includes &&","                    event.currentTarget.className.includes('onreset'))) {","                // reset output","                Array.from(","                    document.querySelectorAll('body > .resettable')","                ).forEach(function (element) {","                    switch (element.tagName) {","                    case 'INPUT':","                    case 'TEXTAREA':","                        element.value = '';","                        break;","                    default:","                        element.textContent = '';","                    }","                });","            }","            switch (event && event.currentTarget && event.currentTarget.id) {","            case 'testRunButton1':","                // show tests","                if (document.querySelector('#testReportDiv1').style.display === 'none') {","                    document.querySelector('#testReportDiv1').style.display = 'block';","                    document.querySelector('#testRunButton1').textContent =","                        'hide internal test';","                    local.modeTest = true;","                    local.testRunDefault(local);","                // hide tests","                } else {","                    document.querySelector('#testReportDiv1').style.display = 'none';","                    document.querySelector('#testRunButton1').textContent = 'run internal test';","                }","                break;","            // custom-case","            default:","                break;","            }","            if (document.querySelector('#inputTextareaEval1') && (!event || (event &&","                    event.currentTarget &&","                    event.currentTarget.className &&","                    event.currentTarget.className.includes &&","                    event.currentTarget.className.includes('oneval')))) {","                // try to eval input-code","                try {","                    /*jslint evil: true*/","                    eval(document.querySelector('#inputTextareaEval1').value);","                } catch (errorCaught) {","                    console.error(errorCaught);","                }","            }","        };","        // log stderr and stdout to #outputTextareaStdout1","        ['error', 'log'].forEach(function (key) {","            console[key + '_original'] = console[key];","            console[key] = function () {","                var element;","                console[key + '_original'].apply(console, arguments);","                element = document.querySelector('#outputTextareaStdout1');","                if (!element) {","                    return;","                }","                // append text to #outputTextareaStdout1","                element.value += Array.from(arguments).map(function (arg) {","                    return typeof arg === 'string'","                        ? arg","                        : JSON.stringify(arg, null, 4);","                }).join(' ') + '\\n';","                // scroll textarea to bottom","                element.scrollTop = element.scrollHeight;","            };","        });","        // init event-handling","        ['change', 'click', 'keyup'].forEach(function (event) {","            Array.from(document.querySelectorAll('.on' + event)).forEach(function (element) {","                element.addEventListener(event, local.testRunBrowser);","            });","        });","        // run tests","        local.testRunBrowser();","        break;","","","","    // run node js-env code - post-init","    /* istanbul ignore next */","    case 'node':","        // export local","        module.exports = local;","        // require modules","        local.fs = require('fs');","        local.http = require('http');","        local.url = require('url');","        // init assets","        local.assetsDict = local.assetsDict || {};","        /* jslint-ignore-begin */","        local.assetsDict['/assets.index.template.html'] = '\\","<!doctype html>\\n\\","<html lang=\"en\">\\n\\","<head>\\n\\","<meta charset=\"UTF-8\">\\n\\","<meta name=\"viewport\" content=\"width=device-width, initial-scale=1\">\\n\\","<title>{{env.npm_package_name}} (v{{env.npm_package_version}})</title>\\n\\","<style>\\n\\","/*csslint\\n\\","    box-sizing: false,\\n\\","    universal-selector: false\\n\\","*/\\n\\","* {\\n\\","    box-sizing: border-box;\\n\\","}\\n\\","body {\\n\\","    background: #dde;\\n\\","    font-family: Arial, Helvetica, sans-serif;\\n\\","    margin: 2rem;\\n\\","}\\n\\","body > * {\\n\\","    margin-bottom: 1rem;\\n\\","}\\n\\",".utility2FooterDiv {\\n\\","    margin-top: 20px;\\n\\","    text-align: center;\\n\\","}\\n\\","</style>\\n\\","<style>\\n\\","/*csslint\\n\\","*/\\n\\","textarea {\\n\\","    font-family: monospace;\\n\\","    height: 10rem;\\n\\","    width: 100%;\\n\\","}\\n\\","textarea[readonly] {\\n\\","    background: #ddd;\\n\\","}\\n\\","</style>\\n\\","</head>\\n\\","<body>\\n\\","<!-- utility2-comment\\n\\","<div id=\"ajaxProgressDiv1\" style=\"background: #d00; height: 2px; left: 0; margin: 0; padding: 0; position: fixed; top: 0; transition: background 0.5s, width 1.5s; width: 25%;\"></div>\\n\\","utility2-comment -->\\n\\","<h1>\\n\\","<!-- utility2-comment\\n\\","    <a\\n\\","        {{#if env.npm_package_homepage}}\\n\\","        href=\"{{env.npm_package_homepage}}\"\\n\\","        {{/if env.npm_package_homepage}}\\n\\","        target=\"_blank\"\\n\\","    >\\n\\","utility2-comment -->\\n\\","        {{env.npm_package_name}} (v{{env.npm_package_version}})\\n\\","<!-- utility2-comment\\n\\","    </a>\\n\\","utility2-comment -->\\n\\","</h1>\\n\\","<h3>{{env.npm_package_description}}</h3>\\n\\","<!-- utility2-comment\\n\\","<h4><a download href=\"assets.app.js\">download standalone app</a></h4>\\n\\","<button class=\"onclick onreset\" id=\"testRunButton1\">run internal test</button><br>\\n\\","<div id=\"testReportDiv1\" style=\"display: none;\"></div>\\n\\","utility2-comment -->\\n\\","\\n\\","\\n\\","\\n\\","<label>stderr and stdout</label>\\n\\","<textarea class=\"resettable\" id=\"outputTextareaStdout1\" readonly></textarea>\\n\\","<!-- utility2-comment\\n\\","{{#if isRollup}}\\n\\","<script src=\"assets.app.js\"></script>\\n\\","{{#unless isRollup}}\\n\\","utility2-comment -->\\n\\","<script src=\"assets.utility2.rollup.js\"></script>\\n\\","<script src=\"jsonp.utility2._stateInit?callback=window.utility2._stateInit\"></script>\\n\\","<script src=\"assets.npmtest_gitbook_cli.rollup.js\"></script>\\n\\","<script src=\"assets.example.js\"></script>\\n\\","<script src=\"assets.test.js\"></script>\\n\\","<!-- utility2-comment\\n\\","{{/if isRollup}}\\n\\","utility2-comment -->\\n\\","<div class=\"utility2FooterDiv\">\\n\\","    [ this app was created with\\n\\","    <a href=\"https://github.com/kaizhu256/node-utility2\" target=\"_blank\">utility2</a>\\n\\","    ]\\n\\","</div>\\n\\","</body>\\n\\","</html>\\n\\","';","        /* jslint-ignore-end */","        if (local.templateRender) {","            local.assetsDict['/'] = local.templateRender(","                local.assetsDict['/assets.index.template.html'],","                {","                    env: local.objectSetDefault(local.env, {","                        npm_package_description: 'the greatest app in the world!',","                        npm_package_name: 'my-app',","                        npm_package_nameAlias: 'my_app',","                        npm_package_version: '0.0.1'","                    })","                }","            );","        } else {","            local.assetsDict['/'] = local.assetsDict['/assets.index.template.html']","                .replace((/\\{\\{env\\.(\\w+?)\\}\\}/g), function (match0, match1) {","                    // jslint-hack","                    String(match0);","                    switch (match1) {","                    case 'npm_package_description':","                        return 'the greatest app in the world!';","                    case 'npm_package_name':","                        return 'my-app';","                    case 'npm_package_nameAlias':","                        return 'my_app';","                    case 'npm_package_version':","                        return '0.0.1';","                    }","                });","        }","        // run the cli","        if (local.global.utility2_rollup || module !== require.main) {","            break;","        }","        local.assetsDict['/assets.example.js'] =","            local.assetsDict['/assets.example.js'] ||","            local.fs.readFileSync(__filename, 'utf8');","        // bug-workaround - long $npm_package_buildCustomOrg","        /* jslint-ignore-begin */","        local.assetsDict['/assets.npmtest_gitbook_cli.rollup.js'] =","            local.assetsDict['/assets.npmtest_gitbook_cli.rollup.js'] ||","            local.fs.readFileSync(","                local.npmtest_gitbook_cli.__dirname + '/lib.npmtest_gitbook_cli.js',","                'utf8'","            ).replace((/^#!/), '//');","        /* jslint-ignore-end */","        local.assetsDict['/favicon.ico'] = local.assetsDict['/favicon.ico'] || '';","        // if $npm_config_timeout_exit exists,","        // then exit this process after $npm_config_timeout_exit ms","        if (Number(process.env.npm_config_timeout_exit)) {","            setTimeout(process.exit, Number(process.env.npm_config_timeout_exit));","        }","        // start server","        if (local.global.utility2_serverHttp1) {","            break;","        }","        process.env.PORT = process.env.PORT || '8081';","        console.error('server starting on port ' + process.env.PORT);","        local.http.createServer(function (request, response) {","            request.urlParsed = local.url.parse(request.url);","            if (local.assetsDict[request.urlParsed.pathname] !== undefined) {","                response.end(local.assetsDict[request.urlParsed.pathname]);","                return;","            }","            response.statusCode = 404;","            response.end();","        }).listen(process.env.PORT);","        break;","    }","}());",""],"l":{"26":2,"28":2,"33":2,"35":2,"37":2,"38":2,"39":2,"44":1,"51":2,"55":2,"59":2,"61":2,"69":1,"70":2,"76":2,"79":2,"82":2,"83":2,"85":1,"89":2,"92":1,"93":1,"94":1,"96":1,"97":1,"100":1,"101":1,"103":1,"106":1,"108":2,"114":1,"116":1,"118":1,"123":1,"124":2,"125":2,"126":3,"127":3,"128":3,"129":3,"130":1,"133":3,"134":3,"139":3,"143":1,"144":3,"145":1,"149":1,"150":1,"158":1,"160":1,"161":1,"162":1,"164":1,"166":1,"258":1,"259":1,"271":1,"274":6,"275":6,"277":1,"279":2,"281":1,"283":2,"288":1,"289":1,"291":1,"296":1,"303":1,"306":1,"307":1,"310":1,"311":1,"313":1,"314":1,"315":1,"316":1,"317":1,"318":1,"319":1,"321":1,"322":1,"324":1}},"/home/travis/build/npmtest/node-npmtest-gitbook-cli/node_modules/gitbook-cli/bin/gitbook.js":{"path":"/home/travis/build/npmtest/node-npmtest-gitbook-cli/node_modules/gitbook-cli/bin/gitbook.js","s":{"1":1,"2":1,"3":1,"4":1,"5":1,"6":1,"7":1,"8":1,"9":1,"10":1,"11":1,"12":1,"13":0,"14":0,"15":0,"16":0,"17":0,"18":0,"19":0,"20":1,"21":0,"22":0,"23":1,"24":1,"25":0,"26":0,"27":0,"28":0,"29":1,"30":0,"31":0,"32":0,"33":0,"34":0,"35":0,"36":0,"37":0,"38":0,"39":0,"40":0,"41":0,"42":0,"43":0,"44":0,"45":1,"46":0,"47":0,"48":1,"49":0,"50":0,"51":0,"52":0,"53":0,"54":0,"55":0,"56":0,"57":0,"58":0,"59":1,"60":0,"61":0,"62":0,"63":0,"64":1,"65":0,"66":0,"67":0,"68":0,"69":1,"70":0,"71":0,"72":1,"73":0,"74":0,"75":0,"76":0,"77":0,"78":1,"79":0,"80":1,"81":0,"82":0,"83":0,"84":0,"85":1,"86":1},"b":{"1":[1,1],"2":[0,0],"3":[0,0],"4":[0,0],"5":[0,0],"6":[0,0],"7":[0,0],"8":[0,0],"9":[0,0],"10":[0,0],"11":[0,0],"12":[0,0],"13":[0,0],"14":[1,0],"15":[1,1]},"f":{"1":0,"2":0,"3":0,"4":0,"5":0,"6":0,"7":0,"8":0,"9":0,"10":0,"11":0,"12":0,"13":0,"14":0,"15":0,"16":0,"17":0,"18":0,"19":0,"20":0,"21":0,"22":0,"23":0,"24":0},"fnMap":{"1":{"name":"runPromise","line":18,"loc":{"start":{"line":18,"column":0},"end":{"line":18,"column":23}}},"2":{"name":"(anonymous_2)","line":20,"loc":{"start":{"line":20,"column":10},"end":{"line":20,"column":21}}},"3":{"name":"(anonymous_3)","line":22,"loc":{"start":{"line":22,"column":7},"end":{"line":22,"column":21}}},"4":{"name":"printGitbookVersion","line":30,"loc":{"start":{"line":30,"column":0},"end":{"line":30,"column":32}}},"5":{"name":"(anonymous_5)","line":41,"loc":{"start":{"line":41,"column":84},"end":{"line":41,"column":95}}},"6":{"name":"(anonymous_6)","line":45,"loc":{"start":{"line":45,"column":18},"end":{"line":45,"column":30}}},"7":{"name":"(anonymous_7)","line":55,"loc":{"start":{"line":55,"column":12},"end":{"line":55,"column":22}}},"8":{"name":"(anonymous_8)","line":62,"loc":{"start":{"line":62,"column":28},"end":{"line":62,"column":43}}},"9":{"name":"(anonymous_9)","line":80,"loc":{"start":{"line":80,"column":12},"end":{"line":80,"column":22}}},"10":{"name":"(anonymous_10)","line":83,"loc":{"start":{"line":83,"column":18},"end":{"line":83,"column":30}}},"11":{"name":"(anonymous_11)","line":92,"loc":{"start":{"line":92,"column":12},"end":{"line":92,"column":22}}},"12":{"name":"(anonymous_12)","line":95,"loc":{"start":{"line":95,"column":18},"end":{"line":95,"column":38}}},"13":{"name":"(anonymous_13)","line":102,"loc":{"start":{"line":102,"column":39},"end":{"line":102,"column":66}}},"14":{"name":"(anonymous_14)","line":113,"loc":{"start":{"line":113,"column":12},"end":{"line":113,"column":29}}},"15":{"name":"(anonymous_15)","line":118,"loc":{"start":{"line":118,"column":18},"end":{"line":118,"column":45}}},"16":{"name":"(anonymous_16)","line":128,"loc":{"start":{"line":128,"column":12},"end":{"line":128,"column":38}}},"17":{"name":"(anonymous_17)","line":134,"loc":{"start":{"line":134,"column":18},"end":{"line":134,"column":29}}},"18":{"name":"(anonymous_18)","line":143,"loc":{"start":{"line":143,"column":12},"end":{"line":143,"column":29}}},"19":{"name":"(anonymous_19)","line":146,"loc":{"start":{"line":146,"column":18},"end":{"line":146,"column":29}}},"20":{"name":"(anonymous_20)","line":155,"loc":{"start":{"line":155,"column":12},"end":{"line":155,"column":25}}},"21":{"name":"(anonymous_21)","line":158,"loc":{"start":{"line":158,"column":18},"end":{"line":158,"column":36}}},"22":{"name":"(anonymous_22)","line":172,"loc":{"start":{"line":172,"column":12},"end":{"line":172,"column":22}}},"23":{"name":"(anonymous_23)","line":183,"loc":{"start":{"line":183,"column":12},"end":{"line":183,"column":33}}},"24":{"name":"(anonymous_24)","line":189,"loc":{"start":{"line":189,"column":18},"end":{"line":189,"column":36}}}},"statementMap":{"1":{"start":{"line":3,"column":0},"end":{"line":3,"column":21}},"2":{"start":{"line":4,"column":0},"end":{"line":4,"column":26}},"3":{"start":{"line":5,"column":0},"end":{"line":5,"column":27}},"4":{"start":{"line":6,"column":0},"end":{"line":6,"column":35}},"5":{"start":{"line":7,"column":0},"end":{"line":7,"column":42}},"6":{"start":{"line":8,"column":0},"end":{"line":8,"column":34}},"7":{"start":{"line":10,"column":0},"end":{"line":10,"column":37}},"8":{"start":{"line":11,"column":0},"end":{"line":11,"column":32}},"9":{"start":{"line":12,"column":0},"end":{"line":12,"column":34}},"10":{"start":{"line":13,"column":0},"end":{"line":13,"column":42}},"11":{"start":{"line":16,"column":0},"end":{"line":16,"column":48}},"12":{"start":{"line":18,"column":0},"end":{"line":28,"column":1}},"13":{"start":{"line":19,"column":4},"end":{"line":27,"column":7}},"14":{"start":{"line":21,"column":8},"end":{"line":21,"column":24}},"15":{"start":{"line":23,"column":8},"end":{"line":23,"column":24}},"16":{"start":{"line":24,"column":8},"end":{"line":24,"column":47}},"17":{"start":{"line":25,"column":8},"end":{"line":25,"column":77}},"18":{"start":{"line":25,"column":48},"end":{"line":25,"column":77}},"19":{"start":{"line":26,"column":8},"end":{"line":26,"column":24}},"20":{"start":{"line":30,"column":0},"end":{"line":33,"column":1}},"21":{"start":{"line":31,"column":4},"end":{"line":31,"column":71}},"22":{"start":{"line":32,"column":4},"end":{"line":32,"column":34}},"23":{"start":{"line":36,"column":0},"end":{"line":36,"column":15}},"24":{"start":{"line":38,"column":0},"end":{"line":50,"column":7}},"25":{"start":{"line":42,"column":8},"end":{"line":42,"column":49}},"26":{"start":{"line":43,"column":8},"end":{"line":49,"column":10}},"27":{"start":{"line":46,"column":16},"end":{"line":46,"column":72}},"28":{"start":{"line":47,"column":16},"end":{"line":47,"column":32}},"29":{"start":{"line":52,"column":0},"end":{"line":75,"column":7}},"30":{"start":{"line":56,"column":8},"end":{"line":56,"column":42}},"31":{"start":{"line":58,"column":8},"end":{"line":74,"column":9}},"32":{"start":{"line":59,"column":12},"end":{"line":59,"column":55}},"33":{"start":{"line":60,"column":12},"end":{"line":60,"column":28}},"34":{"start":{"line":62,"column":12},"end":{"line":68,"column":15}},"35":{"start":{"line":63,"column":16},"end":{"line":63,"column":34}},"36":{"start":{"line":64,"column":16},"end":{"line":64,"column":72}},"37":{"start":{"line":64,"column":41},"end":{"line":64,"column":72}},"38":{"start":{"line":65,"column":16},"end":{"line":65,"column":71}},"39":{"start":{"line":65,"column":28},"end":{"line":65,"column":71}},"40":{"start":{"line":67,"column":16},"end":{"line":67,"column":60}},"41":{"start":{"line":69,"column":12},"end":{"line":69,"column":28}},"42":{"start":{"line":70,"column":12},"end":{"line":70,"column":81}},"43":{"start":{"line":72,"column":12},"end":{"line":72,"column":58}},"44":{"start":{"line":73,"column":12},"end":{"line":73,"column":85}},"45":{"start":{"line":77,"column":0},"end":{"line":87,"column":7}},"46":{"start":{"line":81,"column":8},"end":{"line":86,"column":10}},"47":{"start":{"line":84,"column":16},"end":{"line":84,"column":74}},"48":{"start":{"line":89,"column":0},"end":{"line":108,"column":7}},"49":{"start":{"line":93,"column":8},"end":{"line":107,"column":10}},"50":{"start":{"line":96,"column":16},"end":{"line":96,"column":59}},"51":{"start":{"line":97,"column":16},"end":{"line":97,"column":32}},"52":{"start":{"line":98,"column":16},"end":{"line":98,"column":67}},"53":{"start":{"line":99,"column":16},"end":{"line":99,"column":32}},"54":{"start":{"line":100,"column":16},"end":{"line":100,"column":37}},"55":{"start":{"line":101,"column":16},"end":{"line":101,"column":32}},"56":{"start":{"line":102,"column":16},"end":{"line":104,"column":19}},"57":{"start":{"line":103,"column":20},"end":{"line":103,"column":63}},"58":{"start":{"line":105,"column":16},"end":{"line":105,"column":32}},"59":{"start":{"line":110,"column":0},"end":{"line":123,"column":7}},"60":{"start":{"line":114,"column":8},"end":{"line":114,"column":33}},"61":{"start":{"line":116,"column":8},"end":{"line":122,"column":10}},"62":{"start":{"line":119,"column":16},"end":{"line":119,"column":32}},"63":{"start":{"line":120,"column":16},"end":{"line":120,"column":92}},"64":{"start":{"line":125,"column":0},"end":{"line":138,"column":7}},"65":{"start":{"line":129,"column":8},"end":{"line":129,"column":55}},"66":{"start":{"line":130,"column":8},"end":{"line":130,"column":38}},"67":{"start":{"line":132,"column":8},"end":{"line":137,"column":10}},"68":{"start":{"line":135,"column":16},"end":{"line":135,"column":81}},"69":{"start":{"line":140,"column":0},"end":{"line":150,"column":7}},"70":{"start":{"line":144,"column":8},"end":{"line":149,"column":10}},"71":{"start":{"line":147,"column":16},"end":{"line":147,"column":86}},"72":{"start":{"line":152,"column":0},"end":{"line":167,"column":7}},"73":{"start":{"line":156,"column":8},"end":{"line":166,"column":10}},"74":{"start":{"line":159,"column":16},"end":{"line":164,"column":17}},"75":{"start":{"line":160,"column":20},"end":{"line":160,"column":52}},"76":{"start":{"line":162,"column":20},"end":{"line":162,"column":36}},"77":{"start":{"line":163,"column":20},"end":{"line":163,"column":85}},"78":{"start":{"line":169,"column":0},"end":{"line":178,"column":7}},"79":{"start":{"line":173,"column":8},"end":{"line":177,"column":10}},"80":{"start":{"line":180,"column":0},"end":{"line":193,"column":7}},"81":{"start":{"line":184,"column":8},"end":{"line":184,"column":41}},"82":{"start":{"line":185,"column":8},"end":{"line":185,"column":51}},"83":{"start":{"line":187,"column":8},"end":{"line":192,"column":10}},"84":{"start":{"line":190,"column":16},"end":{"line":190,"column":82}},"85":{"start":{"line":196,"column":0},"end":{"line":198,"column":1}},"86":{"start":{"line":197,"column":4},"end":{"line":197,"column":19}}},"branchMap":{"1":{"line":16,"type":"binary-expr","locations":[{"start":{"line":16,"column":15},"end":{"line":16,"column":30}},{"start":{"line":16,"column":34},"end":{"line":16,"column":47}}]},"2":{"line":25,"type":"if","locations":[{"start":{"line":25,"column":8},"end":{"line":25,"column":8}},{"start":{"line":25,"column":8},"end":{"line":25,"column":8}}]},"3":{"line":25,"type":"binary-expr","locations":[{"start":{"line":25,"column":12},"end":{"line":25,"column":25}},{"start":{"line":25,"column":29},"end":{"line":25,"column":46}}]},"4":{"line":25,"type":"binary-expr","locations":[{"start":{"line":25,"column":60},"end":{"line":25,"column":69}},{"start":{"line":25,"column":73},"end":{"line":25,"column":75}}]},"5":{"line":31,"type":"cond-expr","locations":[{"start":{"line":31,"column":47},"end":{"line":31,"column":65}},{"start":{"line":31,"column":68},"end":{"line":31,"column":70}}]},"6":{"line":58,"type":"if","locations":[{"start":{"line":58,"column":8},"end":{"line":58,"column":8}},{"start":{"line":58,"column":8},"end":{"line":58,"column":8}}]},"7":{"line":64,"type":"if","locations":[{"start":{"line":64,"column":16},"end":{"line":64,"column":16}},{"start":{"line":64,"column":16},"end":{"line":64,"column":16}}]},"8":{"line":65,"type":"if","locations":[{"start":{"line":65,"column":16},"end":{"line":65,"column":16}},{"start":{"line":65,"column":16},"end":{"line":65,"column":16}}]},"9":{"line":67,"type":"cond-expr","locations":[{"start":{"line":67,"column":43},"end":{"line":67,"column":46}},{"start":{"line":67,"column":49},"end":{"line":67,"column":52}}]},"10":{"line":114,"type":"binary-expr","locations":[{"start":{"line":114,"column":18},"end":{"line":114,"column":25}},{"start":{"line":114,"column":29},"end":{"line":114,"column":32}}]},"11":{"line":129,"type":"binary-expr","locations":[{"start":{"line":129,"column":30},"end":{"line":129,"column":36}},{"start":{"line":129,"column":40},"end":{"line":129,"column":53}}]},"12":{"line":130,"type":"binary-expr","locations":[{"start":{"line":130,"column":18},"end":{"line":130,"column":25}},{"start":{"line":130,"column":29},"end":{"line":130,"column":37}}]},"13":{"line":159,"type":"if","locations":[{"start":{"line":159,"column":16},"end":{"line":159,"column":16}},{"start":{"line":159,"column":16},"end":{"line":159,"column":16}}]},"14":{"line":196,"type":"if","locations":[{"start":{"line":196,"column":0},"end":{"line":196,"column":0}},{"start":{"line":196,"column":0},"end":{"line":196,"column":0}}]},"15":{"line":196,"type":"binary-expr","locations":[{"start":{"line":196,"column":3},"end":{"line":196,"column":46}},{"start":{"line":196,"column":50},"end":{"line":196,"column":75}}]}},"code":["//#! /usr/bin/env node","","var Q = require('q');","var _ = require('lodash');","var path = require('path');","var program = require('commander');","var parsedArgv = require('optimist').argv;","var color = require('bash-color');","","var pkg = require('../package.json');","var manager = require('../lib');","var tags = require('../lib/tags');","var commands = require('../lib/commands');","","// Which book is concerned?","var bookRoot = parsedArgv._[1] || process.cwd();","","function runPromise(p) {","    return p","    .then(function() {","        process.exit(0);","    }, function(err) {","        console.log('');","        console.log(color.red(err.toString()));","        if (program.debug || process.env.DEBUG) console.log(err.stack || '');","        process.exit(1);","    });","}","","function printGitbookVersion(v) {","    var actualVersion = (v.name != v.version)? ' ('+v.version+')' : '';","    return v.name + actualVersion;","}","","// Init gitbook-cli","manager.init();","","program","    .option('-v, --gitbook [version]', 'specify GitBook version to use')","    .option('-d, --debug', 'enable verbose error')","    .option('-V, --version', 'Display running versions of gitbook and gitbook-cli', function() {","        console.log('CLI version:', pkg.version);","        runPromise(","            manager.ensure(bookRoot, program.gitbook)","            .then(function(v) {","                console.log('GitBook version:', printGitbookVersion(v));","                process.exit(0);","            })","        );","    });","","program","    .command('ls')","    .description('List versions installed locally')","    .action(function(){","        var versions = manager.versions();","","        if (versions.length > 0) {","            console.log('GitBook Versions Installed:');","            console.log('');","","            _.each(versions,function(v, i) {","                var text = v.name;","                if (v.name != v.version) text += ' [' + v.version + ']';","                if (v.link) text = text + ' (alias of ' + v.link + ')';","","                console.log('   ', i == 0? '*' : ' ', text);","            });","            console.log('');","            console.log('Run \"gitbook update\" to update to the latest version.');","        } else {","            console.log('There is no versions installed');","            console.log('You can install the latest version using: \"gitbook fetch\"');","        }","    });","","program","    .command('current')","    .description('Display currently activated version')","    .action(function(){","        runPromise(","            manager.ensure(bookRoot, program.gitbook)","            .then(function(v) {","                console.log('GitBook version is', printGitbookVersion(v));","            })","        );","    });","","program","    .command('ls-remote')","    .description('List remote versions available for install')","    .action(function(){","        runPromise(","            manager.available()","            .then(function(available) {","                console.log('Available GitBook Versions:');","                console.log('');","                console.log('    ', available.versions.join(', '));","                console.log('');","                console.log('Tags:');","                console.log('');","                _.each(available.tags, function(version, tagName) {","                    console.log('    ', tagName, ':', version);","                });","                console.log('');","            })","        );","    });","","program","    .command('fetch [version]')","    .description('Download and install a <version>')","    .action(function(version){","        version = version || '*';","","        runPromise(","            manager.install(version)","            .then(function(installedVersion) {","                console.log('');","                console.log(color.green('GitBook '+installedVersion+' has been installed'));","            })","        );","    });","","program","    .command('alias [folder] [version]')","    .description('Set an alias named <version> pointing to <folder>')","    .action(function(folder, version) {","        folder = path.resolve(folder || process.cwd());","        version = version || 'latest';","","        runPromise(","            manager.link(version, folder)","            .then(function() {","                console.log(color.green('GitBook '+version+' point to '+folder));","            })","        );","    });","","program","    .command('uninstall [version]')","    .description('Uninstall a version')","    .action(function(version){","        runPromise(","            manager.uninstall(version)","            .then(function() {","                console.log(color.green('GitBook '+version+' has been uninstalled.'));","            })","        );","    });","","program","    .command('update [tag]')","    .description('Update to the latest version of GitBook')","    .action(function(tag){","        runPromise(","            manager.update(tag)","            .then(function(version) {","                if (!version) {","                    console.log('No update found!');","                } else {","                    console.log('');","                    console.log(color.green('GitBook has been updated to '+version));","                }","            })","        );","    });","","program","    .command('help')","    .description('List commands for GitBook')","    .action(function(){","        runPromise(","            manager.ensureAndLoad(bookRoot, program.gitbook)","            .get('commands')","            .then(commands.help)","        );","    });","","program","    .command('*')","    .description('run a command with a specific gitbook version')","    .action(function(commandName){","        var args = parsedArgv._.slice(1);","        var kwargs = _.omit(parsedArgv, '$0', '_');","","        runPromise(","            manager.ensureAndLoad(bookRoot, program.gitbook)","            .then(function(gitbook) {","                return commands.exec(gitbook.commands, commandName, args, kwargs);","            })","        );","    });","","// Parse and fallback to help if no args","if(_.isEmpty(program.parse(process.argv).args) && process.argv.length === 2) {","    program.help();","}",""],"l":{"3":1,"4":1,"5":1,"6":1,"7":1,"8":1,"10":1,"11":1,"12":1,"13":1,"16":1,"18":1,"19":0,"21":0,"23":0,"24":0,"25":0,"26":0,"30":1,"31":0,"32":0,"36":1,"38":1,"42":0,"43":0,"46":0,"47":0,"52":1,"56":0,"58":0,"59":0,"60":0,"62":0,"63":0,"64":0,"65":0,"67":0,"69":0,"70":0,"72":0,"73":0,"77":1,"81":0,"84":0,"89":1,"93":0,"96":0,"97":0,"98":0,"99":0,"100":0,"101":0,"102":0,"103":0,"105":0,"110":1,"114":0,"116":0,"119":0,"120":0,"125":1,"129":0,"130":0,"132":0,"135":0,"140":1,"144":0,"147":0,"152":1,"156":0,"159":0,"160":0,"162":0,"163":0,"169":1,"173":0,"180":1,"184":0,"185":0,"187":0,"190":0,"196":1,"197":1}},"/home/travis/build/npmtest/node-npmtest-gitbook-cli/node_modules/gitbook-cli/lib/index.js":{"path":"/home/travis/build/npmtest/node-npmtest-gitbook-cli/node_modules/gitbook-cli/lib/index.js","s":{"1":1,"2":1,"3":1,"4":1,"5":1,"6":1,"7":1,"8":1,"9":0,"10":0,"11":0,"12":0,"13":0,"14":0,"15":0,"16":1,"17":0,"18":0,"19":0,"20":0,"21":0,"22":0,"23":0,"24":0,"25":0,"26":0,"27":0,"28":1,"29":0,"30":1,"31":0,"32":0,"33":1,"34":0,"35":0,"36":0,"37":0,"38":0,"39":0,"40":0,"41":0,"42":0,"43":0,"44":0,"45":0,"46":0,"47":1},"b":{"1":[0,0],"2":[0,0],"3":[0,0],"4":[0,0],"5":[0,0],"6":[0,0],"7":[0,0],"8":[0,0],"9":[0,0],"10":[0,0]},"f":{"1":0,"2":0,"3":0,"4":0,"5":0,"6":0,"7":0,"8":0,"9":0,"10":0,"11":0,"12":0,"13":0,"14":0},"fnMap":{"1":{"name":"bookVersion","line":11,"loc":{"start":{"line":11,"column":0},"end":{"line":11,"column":31}}},"2":{"name":"ensureVersion","line":26,"loc":{"start":{"line":26,"column":0},"end":{"line":26,"column":48}}},"3":{"name":"(anonymous_3)","line":34,"loc":{"start":{"line":34,"column":10},"end":{"line":34,"column":21}}},"4":{"name":"(anonymous_4)","line":40,"loc":{"start":{"line":40,"column":10},"end":{"line":40,"column":29}}},"5":{"name":"(anonymous_5)","line":44,"loc":{"start":{"line":44,"column":14},"end":{"line":44,"column":28}}},"6":{"name":"(anonymous_6)","line":48,"loc":{"start":{"line":48,"column":18},"end":{"line":48,"column":29}}},"7":{"name":"getVersion","line":58,"loc":{"start":{"line":58,"column":0},"end":{"line":58,"column":39}}},"8":{"name":"ensureAndLoad","line":66,"loc":{"start":{"line":66,"column":0},"end":{"line":66,"column":48}}},"9":{"name":"(anonymous_9)","line":68,"loc":{"start":{"line":68,"column":10},"end":{"line":68,"column":28}}},"10":{"name":"updateVersion","line":77,"loc":{"start":{"line":77,"column":0},"end":{"line":77,"column":28}}},"11":{"name":"(anonymous_11)","line":83,"loc":{"start":{"line":83,"column":10},"end":{"line":83,"column":24}}},"12":{"name":"(anonymous_12)","line":86,"loc":{"start":{"line":86,"column":10},"end":{"line":86,"column":29}}},"13":{"name":"(anonymous_13)","line":88,"loc":{"start":{"line":88,"column":14},"end":{"line":88,"column":31}}},"14":{"name":"(anonymous_14)","line":95,"loc":{"start":{"line":95,"column":18},"end":{"line":95,"column":29}}}},"statementMap":{"1":{"start":{"line":1,"column":0},"end":{"line":1,"column":21}},"2":{"start":{"line":2,"column":0},"end":{"line":2,"column":26}},"3":{"start":{"line":3,"column":0},"end":{"line":3,"column":27}},"4":{"start":{"line":5,"column":0},"end":{"line":5,"column":33}},"5":{"start":{"line":6,"column":0},"end":{"line":6,"column":31}},"6":{"start":{"line":7,"column":0},"end":{"line":7,"column":37}},"7":{"start":{"line":8,"column":0},"end":{"line":8,"column":29}},"8":{"start":{"line":11,"column":0},"end":{"line":22,"column":1}},"9":{"start":{"line":12,"column":4},"end":{"line":12,"column":16}},"10":{"start":{"line":14,"column":4},"end":{"line":19,"column":5}},"11":{"start":{"line":15,"column":8},"end":{"line":15,"column":63}},"12":{"start":{"line":16,"column":8},"end":{"line":16,"column":35}},"13":{"start":{"line":18,"column":8},"end":{"line":18,"column":50}},"14":{"start":{"line":18,"column":42},"end":{"line":18,"column":50}},"15":{"start":{"line":21,"column":4},"end":{"line":21,"column":26}},"16":{"start":{"line":26,"column":0},"end":{"line":55,"column":1}},"17":{"start":{"line":27,"column":4},"end":{"line":29,"column":7}},"18":{"start":{"line":31,"column":4},"end":{"line":54,"column":7}},"19":{"start":{"line":35,"column":8},"end":{"line":35,"column":36}},"20":{"start":{"line":35,"column":21},"end":{"line":35,"column":36}},"21":{"start":{"line":36,"column":8},"end":{"line":36,"column":37}},"22":{"start":{"line":41,"column":8},"end":{"line":41,"column":27}},"23":{"start":{"line":42,"column":8},"end":{"line":53,"column":11}},"24":{"start":{"line":45,"column":12},"end":{"line":45,"column":41}},"25":{"start":{"line":45,"column":31},"end":{"line":45,"column":41}},"26":{"start":{"line":47,"column":12},"end":{"line":52,"column":15}},"27":{"start":{"line":49,"column":16},"end":{"line":51,"column":19}},"28":{"start":{"line":58,"column":0},"end":{"line":62,"column":1}},"29":{"start":{"line":59,"column":4},"end":{"line":61,"column":7}},"30":{"start":{"line":66,"column":0},"end":{"line":71,"column":1}},"31":{"start":{"line":67,"column":4},"end":{"line":70,"column":7}},"32":{"start":{"line":69,"column":8},"end":{"line":69,"column":35}},"33":{"start":{"line":77,"column":0},"end":{"line":102,"column":1}},"34":{"start":{"line":78,"column":4},"end":{"line":78,"column":26}},"35":{"start":{"line":80,"column":4},"end":{"line":101,"column":7}},"36":{"start":{"line":84,"column":8},"end":{"line":84,"column":23}},"37":{"start":{"line":87,"column":8},"end":{"line":100,"column":11}},"38":{"start":{"line":89,"column":12},"end":{"line":89,"column":49}},"39":{"start":{"line":90,"column":12},"end":{"line":90,"column":76}},"40":{"start":{"line":90,"column":32},"end":{"line":90,"column":76}},"41":{"start":{"line":92,"column":12},"end":{"line":92,"column":89}},"42":{"start":{"line":92,"column":77},"end":{"line":92,"column":89}},"43":{"start":{"line":94,"column":12},"end":{"line":99,"column":40}},"44":{"start":{"line":96,"column":16},"end":{"line":96,"column":38}},"45":{"start":{"line":96,"column":31},"end":{"line":96,"column":38}},"46":{"start":{"line":97,"column":16},"end":{"line":97,"column":50}},"47":{"start":{"line":104,"column":0},"end":{"line":121,"column":2}}},"branchMap":{"1":{"line":18,"type":"if","locations":[{"start":{"line":18,"column":8},"end":{"line":18,"column":8}},{"start":{"line":18,"column":8},"end":{"line":18,"column":8}}]},"2":{"line":21,"type":"binary-expr","locations":[{"start":{"line":21,"column":11},"end":{"line":21,"column":18}},{"start":{"line":21,"column":22},"end":{"line":21,"column":25}}]},"3":{"line":27,"type":"binary-expr","locations":[{"start":{"line":27,"column":22},"end":{"line":27,"column":26}},{"start":{"line":27,"column":30},"end":{"line":27,"column":32}}]},"4":{"line":35,"type":"if","locations":[{"start":{"line":35,"column":8},"end":{"line":35,"column":8}},{"start":{"line":35,"column":8},"end":{"line":35,"column":8}}]},"5":{"line":45,"type":"if","locations":[{"start":{"line":45,"column":12},"end":{"line":45,"column":12}},{"start":{"line":45,"column":12},"end":{"line":45,"column":12}}]},"6":{"line":78,"type":"binary-expr","locations":[{"start":{"line":78,"column":10},"end":{"line":78,"column":13}},{"start":{"line":78,"column":17},"end":{"line":78,"column":25}}]},"7":{"line":90,"type":"if","locations":[{"start":{"line":90,"column":12},"end":{"line":90,"column":12}},{"start":{"line":90,"column":12},"end":{"line":90,"column":12}}]},"8":{"line":92,"type":"if","locations":[{"start":{"line":92,"column":12},"end":{"line":92,"column":12}},{"start":{"line":92,"column":12},"end":{"line":92,"column":12}}]},"9":{"line":92,"type":"binary-expr","locations":[{"start":{"line":92,"column":16},"end":{"line":92,"column":24}},{"start":{"line":92,"column":28},"end":{"line":92,"column":75}}]},"10":{"line":96,"type":"if","locations":[{"start":{"line":96,"column":16},"end":{"line":96,"column":16}},{"start":{"line":96,"column":16},"end":{"line":96,"column":16}}]}},"code":["var Q = require('q');","var _ = require('lodash');","var path = require('path');","","var config = require('./config');","var local = require('./local');","var registry = require('./registry');","var tags = require('./tags');","","// Return book version (string) required by a book","function bookVersion(bookRoot) {","    var version;","","    try {","        var bookJson = require(path.resolve(bookRoot, 'book'));","        version = bookJson.gitbook;","    } catch (e) {","        if (e.code != 'MODULE_NOT_FOUND') throw e;","    }","","    return version || '*';","}","","// Ensure that a version exists","// or install it","function ensureVersion(bookRoot, version, opts) {","    opts = _.defaults(opts || {}, {","        install: true","    });","","    return Q()","","    // If not defined, load version required from book.json","    .then(function() {","        if (version) return version;","        return bookVersion(bookRoot);","    })","","    // Resolve version locally","    .then(function(_version) {","        version = _version;","        return local.resolve(version)","        // Install if needed","        .fail(function(err) {","            if (!opts.install) throw err;","","            return registry.install(version)","            .then(function() {","                return ensureVersion(bookRoot, version, {","                    install: false","                });","            });","        });","    });","}","","// Get version in a book","function getVersion(bookRoot, version) {","    return ensureVersion(bookRoot, version, {","        install: false","    });","}","","// Ensure a version exists (or install it)","// Then load it and returns the gitbook instance","function ensureAndLoad(bookRoot, version, opts) {","    return ensureVersion(bookRoot, version, opts)","    .then(function(version) {","        return local.load(version);","    });","}","","// Update current version","//   -> Check that a newer version exists","//   -> Install it","//   -> Remove previous version","function updateVersion(tag) {","    tag = tag || 'latest';","","    return getVersion(null, {","        install: false","    })","    .fail(function(err) {","        return Q(null);","    })","    .then(function(currentV) {","        return registry.versions()","        .then(function(result) {","            var remoteVersion = result.tags[tag];","            if (!remoteVersion) throw new Error('Tag doesn\\'t exist: '+tag);","","            if (currentV && tags.sort(remoteVersion, currentV.version) >= 0) return null;","","            return registry.install(remoteVersion)","            .then(function() {","                if (!currentV) return;","                return local.remove(currentV.tag);","            })","            .thenResolve(remoteVersion);","        });","    });","}","","module.exports = {","    init: config.init,","    setRoot: config.setRoot,","","    load: local.load,","    get: getVersion,","    getBookVersion: bookVersion,","    ensure: ensureVersion,","    ensureAndLoad: ensureAndLoad,","    uninstall: local.remove,","    link: local.link,","    versions: local.versions,","","    update: updateVersion,","","    install: registry.install,","    available: registry.versions","};",""],"l":{"1":1,"2":1,"3":1,"5":1,"6":1,"7":1,"8":1,"11":1,"12":0,"14":0,"15":0,"16":0,"18":0,"21":0,"26":1,"27":0
[...]
re('semver');","var config = require('./config');","","var ALLOWED_TAGS = ['latest', 'pre', 'beta', 'alpha'];","","// Returns true if a version is a tag","function isTag(version) {","    return _.includes(ALLOWED_TAGS, version);","}","","// Return true if a version matches gitbook-cli's requirements","function isValid(version) {","    if (isTag(version)) return true;","","    var versionWithoutPre = version.replace(/\\-(\\S+)/g, '');","","    try {","        return semver.satisfies(versionWithoutPre, config.GITBOOK_VERSION);","    } catch(e) {","        return false;","    }","}","","// Extract prerelease tag from a version","function getTag(version) {","    if (isTag(version)) return version;","","    var v = semver.parse(version);","    return v.prerelease[0] || 'latest';","}","","// Sort versions (tale prerelease tags in consideration)","function sortTags(a, b) {","    if (isTag(a) && isTag(b)) {","        var indexA = ALLOWED_TAGS.indexOf(a);","        var indexB = ALLOWED_TAGS.indexOf(b);","","        if (indexA > indexB) return -1;","        if (indexB > indexA) return 1;","","        return 0;","    }","    if (isTag(a)) return -1;","    if (isTag(b)) return 1;","","    if (semver.gt(a, b)) {","        return -1;","    }","    if (semver.lt(a, b)) {","        return 1;","    }","    return 0;","}","","// Returns true if a version satisfies a condition","function satisfies(version, condition, opts) {","    opts = _.defaults(opts || {}, {","        acceptTagCondition: true","    });","","    if (isTag(version)) {","        return (condition == '*' || version == condition);","    }","","    // Condition is a tag ('beta', 'latest')","    if (opts.acceptTagCondition) {","        var tag = getTag(version);","        if (tag == condition) return true;","    }","","    return semver.satisfies(version, condition);","}","","module.exports = {","    isTag: isTag,","    isValid: isValid,","    sort: sortTags,","    satisfies: satisfies,","    getTag: getTag","};",""],"l":{"1":1,"2":1,"3":1,"5":1,"8":1,"9":0,"13":1,"14":0,"16":0,"18":0,"19":0,"21":0,"26":1,"27":0,"29":0,"30":0,"34":1,"35":0,"36":0,"37":0,"39":0,"40":0,"42":0,"44":0,"45":0,"47":0,"48":0,"50":0,"51":0,"53":0,"57":1,"58":0,"62":0,"63":0,"67":0,"68":0,"69":0,"72":0,"75":1}},"/home/travis/build/npmtest/node-npmtest-gitbook-cli/node_modules/gitbook-cli/lib/registry.js":{"path":"/home/travis/build/npmtest/node-npmtest-gitbook-cli/node_modules/gitbook-cli/lib/registry.js","s":{"1":1,"2":1,"3":1,"4":1,"5":1,"6":1,"7":1,"8":1,"9":1,"10":1,"11":0,"12":1,"13":0,"14":0,"15":0,"16":0,"17":0,"18":0,"19":0,"20":0,"21":0,"22":1,"23":0,"24":0,"25":0,"26":0,"27":0,"28":0,"29":0,"30":0,"31":0,"32":1,"33":0,"34":0,"35":0,"36":0,"37":0,"38":0,"39":0,"40":0,"41":0,"42":0,"43":0,"44":0,"45":0,"46":1},"b":{"1":[0,0],"2":[0,0],"3":[0,0],"4":[0,0]},"f":{"1":0,"2":0,"3":0,"4":0,"5":0,"6":0,"7":0,"8":0,"9":0,"10":0,"11":0,"12":0,"13":0},"fnMap":{"1":{"name":"(anonymous_1)","line":13,"loc":{"start":{"line":13,"column":24},"end":{"line":13,"column":35}}},"2":{"name":"availableVersions","line":21,"loc":{"start":{"line":21,"column":0},"end":{"line":21,"column":29}}},"3":{"name":"(anonymous_3)","line":23,"loc":{"start":{"line":23,"column":10},"end":{"line":23,"column":21}}},"4":{"name":"(anonymous_4)","line":26,"loc":{"start":{"line":26,"column":10},"end":{"line":26,"column":27}}},"5":{"name":"(anonymous_5)","line":30,"loc":{"start":{"line":30,"column":24},"end":{"line":30,"column":36}}},"6":{"name":"(anonymous_6)","line":36,"loc":{"start":{"line":36,"column":22},"end":{"line":36,"column":52}}},"7":{"name":"resolveVersion","line":48,"loc":{"start":{"line":48,"column":0},"end":{"line":48,"column":33}}},"8":{"name":"(anonymous_8)","line":52,"loc":{"start":{"line":52,"column":10},"end":{"line":52,"column":30}}},"9":{"name":"(anonymous_9)","line":56,"loc":{"start":{"line":56,"column":45},"end":{"line":56,"column":57}}},"10":{"name":"installVersion","line":70,"loc":{"start":{"line":70,"column":0},"end":{"line":70,"column":47}}},"11":{"name":"(anonymous_11)","line":72,"loc":{"start":{"line":72,"column":10},"end":{"line":72,"column":29}}},"12":{"name":"(anonymous_12)","line":76,"loc":{"start":{"line":76,"column":12},"end":{"line":76,"column":29}}},"13":{"name":"(anonymous_13)","line":91,"loc":{"start":{"line":91,"column":10},"end":{"line":91,"column":27}}}},"statementMap":{"1":{"start":{"line":1,"column":0},"end":{"line":1,"column":21}},"2":{"start":{"line":2,"column":0},"end":{"line":2,"column":29}},"3":{"start":{"line":3,"column":0},"end":{"line":3,"column":27}},"4":{"start":{"line":4,"column":0},"end":{"line":4,"column":25}},"5":{"start":{"line":5,"column":0},"end":{"line":5,"column":25}},"6":{"start":{"line":6,"column":0},"end":{"line":6,"column":26}},"7":{"start":{"line":7,"column":0},"end":{"line":7,"column":27}},"8":{"start":{"line":9,"column":0},"end":{"line":9,"column":29}},"9":{"start":{"line":10,"column":0},"end":{"line":10,"column":33}},"10":{"start":{"line":13,"column":0},"end":{"line":18,"column":3}},"11":{"start":{"line":14,"column":4},"end":{"line":17,"column":7}},"12":{"start":{"line":21,"column":0},"end":{"line":45,"column":1}},"13":{"start":{"line":22,"column":4},"end":{"line":44,"column":7}},"14":{"start":{"line":24,"column":8},"end":{"line":24,"column":87}},"15":{"start":{"line":27,"column":8},"end":{"line":27,"column":58}},"16":{"start":{"line":28,"column":8},"end":{"line":40,"column":10}},"17":{"start":{"line":31,"column":20},"end":{"line":31,"column":43}},"18":{"start":{"line":37,"column":20},"end":{"line":37,"column":53}},"19":{"start":{"line":42,"column":8},"end":{"line":42,"column":97}},"20":{"start":{"line":42,"column":41},"end":{"line":42,"column":97}},"21":{"start":{"line":43,"column":8},"end":{"line":43,"column":22}},"22":{"start":{"line":48,"column":0},"end":{"line":67,"column":1}},"23":{"start":{"line":49,"column":4},"end":{"line":49,"column":27}},"24":{"start":{"line":51,"column":4},"end":{"line":66,"column":7}},"25":{"start":{"line":54,"column":8},"end":{"line":54,"column":71}},"26":{"start":{"line":54,"column":37},"end":{"line":54,"column":71}},"27":{"start":{"line":56,"column":8},"end":{"line":61,"column":11}},"28":{"start":{"line":57,"column":12},"end":{"line":60,"column":15}},"29":{"start":{"line":64,"column":8},"end":{"line":64,"column":120}},"30":{"start":{"line":64,"column":22},"end":{"line":64,"column":120}},"31":{"start":{"line":65,"column":8},"end":{"line":65,"column":23}},"32":{"start":{"line":70,"column":0},"end":{"line":104,"column":1}},"33":{"start":{"line":71,"column":4},"end":{"line":103,"column":7}},"34":{"start":{"line":73,"column":8},"end":{"line":73,"column":27}},"35":{"start":{"line":74,"column":8},"end":{"line":74,"column":43}},"36":{"start":{"line":77,"column":8},"end":{"line":87,"column":10}},"37":{"start":{"line":88,"column":8},"end":{"line":88,"column":51}},"38":{"start":{"line":89,"column":8},"end":{"line":89,"column":70}},"39":{"start":{"line":92,"column":8},"end":{"line":92,"column":71}},"40":{"start":{"line":93,"column":8},"end":{"line":93,"column":85}},"41":{"start":{"line":94,"column":8},"end":{"line":94,"column":42}},"42":{"start":{"line":96,"column":8},"end":{"line":96,"column":71}},"43":{"start":{"line":98,"column":8},"end":{"line":98,"column":110}},"44":{"start":{"line":98,"column":36},"end":{"line":98,"column":110}},"45":{"start":{"line":101,"column":8},"end":{"line":102,"column":30}},"46":{"start":{"line":106,"column":0},"end":{"line":110,"column":2}}},"branchMap":{"1":{"line":42,"type":"if","locations":[{"start":{"line":42,"column":8},"end":{"line":42,"column":8}},{"start":{"line":42,"column":8},"end":{"line":42,"column":8}}]},"2":{"line":54,"type":"if","locations":[{"start":{"line":54,"column":8},"end":{"line":54,"column":8}},{"start":{"line":54,"column":8},"end":{"line":54,"column":8}}]},"3":{"line":64,"type":"if","locations":[{"start":{"line":64,"column":8},"end":{"line":64,"column":8}},{"start":{"line":64,"column":8},"end":{"line":64,"column":8}}]},"4":{"line":98,"type":"if","locations":[{"start":{"line":98,"column":8},"end":{"line":98,"column":8}},{"start":{"line":98,"column":8},"end":{"line":98,"column":8}}]}},"code":["var Q = require('q');","var fs = require('fs-extra');","var npmi = require('npmi');","var npm = require('npm');","var tmp = require('tmp');","var _ = require('lodash');","var path = require('path');","","var tags = require('./tags');","var config = require('./config');","","// Initialize NPM before usage","var initNPM = _.memoize(function() {","    return Q.nfcall(npm.load, {","        silent: true,","        loglevel: 'silent'","    });","});","","// Return a list of versions available in the registry (npm)","function availableVersions() {","    return initNPM()","    .then(function() {","        return Q.nfcall(npm.commands.view, ['gitbook', 'versions', 'dist-tags'], true);","    })","    .then(function(result) {","        result = _.chain(result).values().first().value();","        result = {","            versions: _.chain(result.versions)","                .filter(function(v) {","                    return tags.isValid(v);","                })","                .sort(tags.sort)","                .value(),","            tags: _.chain(result['dist-tags'])","                .omit(function(tagVersion, tagName) {","                    return !tags.isValid(tagVersion);","                })","                .value()","        };","","        if (result.versions.length == 0) throw new Error('No valid version on the NPM registry');","        return result;","    });","}","","// Resolve a version name or tag to an installable absolute version","function resolveVersion(version) {","    var _version = version;","","    return availableVersions()","    .then(function(available) {","        // Resolve if tag","        if (available.tags[version]) version = available.tags[version];","","        version = _.find(available.versions, function(v) {","            return tags.satisfies(v, version, {","                // Tag is resolved from npm dist-tags","                acceptTagCondition: false","            });","        });","","        // Check version","        if (!version) throw new Error('Invalid version or tag \"'+_version+'\", see available using \"gitbook ls-remote\"');","        return version;","    });","}","","// Install a specific version of gitbook","function installVersion(version, forceInstall) {","    return resolveVersion(version)","    .then(function(_version) {","        version = _version;","        return Q.nfcall(tmp.dir.bind(tmp));","    })","    .spread(function(tmpDir) {","        var options = {","            name: 'gitbook',","            version: version,","            path: tmpDir,","            forceInstall: !!forceInstall,","            npmLoad: {","                loglevel: 'silent',","                loaded: false,","                prefix: tmpDir","            }","        };","        console.log('Installing GitBook', version);","        return Q.nfcall(npmi.bind(npmi), options).thenResolve(tmpDir);","    })","    .then(function(tmpDir) {","        var gitbookRoot = path.resolve(tmpDir, 'node_modules/gitbook');","        var packageJson = fs.readJsonSync(path.resolve(gitbookRoot, 'package.json'));","        var version = packageJson.version;","","        var outputFolder = path.resolve(config.VERSIONS_ROOT, version);","","        if (!tags.isValid(version)) throw 'Invalid GitBook version, should satisfies '+config.GITBOOK_VERSION;","","        // Copy to the install folder","        return Q.nfcall(fs.copy.bind(fs), gitbookRoot, outputFolder)","        .thenResolve(version);","    });","}","","module.exports = {","    versions: availableVersions,","    resolve: resolveVersion,","    install: installVersion","};",""],"l":{"1":1,"2":1,"3":1,"4":1,"5":1,"6":1,"7":1,"9":1,"10":1,"13":1,"14":0,"21":1,"22":0,"24":0,"27":0,"28":0,"31":0,"37":0,"42":0,"43":0,"48":1,"49":0,"51":0,"54":0,"56":0,"57":0,"64":0,"65":0,"70":1,"71":0,"73":0,"74":0,"77":0,"88":0,"89":0,"92":0,"93":0,"94":0,"96":0,"98":0,"101":0,"106":1}},"/home/travis/build/npmtest/node-npmtest-gitbook-cli/node_modules/gitbook-cli/lib/commands.js":{"path":"/home/travis/build/npmtest/node-npmtest-gitbook-cli/node_modules/gitbook-cli/lib/commands.js","s":{"1":1,"2":1,"3":0,"4":0,"5":0,"6":1,"7":0,"8":0,"9":0,"10":0,"11":0,"12":0,"13":0,"14":0,"15":0,"16":0,"17":0,"18":0,"19":0,"20":0,"21":0,"22":0,"23":0,"24":1,"25":0,"26":0,"27":0,"28":0,"29":0,"30":0,"31":0,"32":0,"33":0,"34":1},"b":{"1":[0,0],"2":[0,0],"3":[0,0],"4":[0,0],"5":[0,0],"6":[0,0],"7":[0,0],"8":[0,0],"9":[0,0],"10":[0,0],"11":[0,0]},"f":{"1":0,"2":0,"3":0,"4":0,"5":0,"6":0,"7":0},"fnMap":{"1":{"name":"indent_output","line":5,"loc":{"start":{"line":5,"column":0},"end":{"line":5,"column":45}}},"2":{"name":"help","line":20,"loc":{"start":{"line":20,"column":0},"end":{"line":20,"column":24}}},"3":{"name":"(anonymous_3)","line":21,"loc":{"start":{"line":21,"column":21},"end":{"line":21,"column":39}}},"4":{"name":"(anonymous_4)","line":23,"loc":{"start":{"line":23,"column":38},"end":{"line":23,"column":55}}},"5":{"name":"exec","line":43,"loc":{"start":{"line":43,"column":0},"end":{"line":43,"column":47}}},"6":{"name":"(anonymous_6)","line":44,"loc":{"start":{"line":44,"column":31},"end":{"line":44,"column":46}}},"7":{"name":"(anonymous_7)","line":52,"loc":{"start":{"line":52,"column":30},"end":{"line":52,"column":47}}}},"statementMap":{"1":{"start":{"line":1,"column":0},"end":{"line":1,"column":26}},"2":{"start":{"line":5,"column":0},"end":{"line":16,"column":1}},"3":{"start":{"line":6,"column":4},"end":{"line":8,"column":5}},"4":{"start":{"line":7,"column":8},"end":{"line":7,"column":14}},"5":{"start":{"line":10,"column":4},"end":{"line":15,"column":6}},"6":{"start":{"line":20,"column":0},"end":{"line":39,"column":1}},"7":{"start":{"line":21,"column":4},"end":{"line":38,"column":7}},"8":{"start":{"line":22,"column":8},"end":{"line":22,"column":60}},"9":{"start":{"line":23,"column":8},"end":{"line":36,"column":11}},"10":{"start":{"line":24,"column":12},"end":{"line":24,"column":27}},"11":{"start":{"line":26,"column":12},"end":{"line":26,"column":89}},"12":{"start":{"line":26,"column":47},"end":{"line":26,"column":89}},"13":{"start":{"line":27,"column":12},"end":{"line":27,"column":82}},"14":{"start":{"line":27,"column":31},"end":{"line":27,"column":82}},"15":{"start":{"line":29,"column":12},"end":{"line":30,"column":28}},"16":{"start":{"line":29,"column":34},"end":{"line":29,"column":67}},"17":{"start":{"line":30,"column":17},"end":{"line":30,"column":28}},"18":{"start":{"line":32,"column":12},"end":{"line":32,"column":31}},"19":{"start":{"line":33,"column":12},"end":{"line":33,"column":73}},"20":{"start":{"line":33,"column":54},"end":{"line":33,"column":73}},"21":{"start":{"line":34,"column":12},"end":{"line":34,"column":35}},"22":{"start":{"line":35,"column":12},"end":{"line":35,"column":72}},"23":{"start":{"line":37,"column":8},"end":{"line":37,"column":24}},"24":{"start":{"line":43,"column":0},"end":{"line":60,"column":1}},"25":{"start":{"line":44,"column":4},"end":{"line":46,"column":7}},"26":{"start":{"line":45,"column":8},"end":{"line":45,"column":56}},"27":{"start":{"line":49,"column":4},"end":{"line":49,"column":106}},"28":{"start":{"line":49,"column":14},"end":{"line":49,"column":106}},"29":{"start":{"line":52,"column":4},"end":{"line":57,"column":7}},"30":{"start":{"line":53,"column":8},"end":{"line":53,"column":105}},"31":{"start":{"line":54,"column":8},"end":{"line":56,"column":9}},"32":{"start":{"line":55,"column":12},"end":{"line":55,"column":74}},"33":{"start":{"line":59,"column":4},"end":{"line":59,"column":34}},"34":{"start":{"line":62,"column":0},"end":{"line":65,"column":2}}},"branchMap":{"1":{"line":6,"type":"if","locations":[{"start":{"line":6,"column":4},"end":{"line":6,"column":4}},{"start":{"line":6,"column":4},"end":{"line":6,"column":4}}]},"2":{"line":23,"type":"binary-expr","locations":[{"start":{"line":23,"column":15},"end":{"line":23,"column":30}},{"start":{"line":23,"column":34},"end":{"line":23,"column":36}}]},"3":{"line":26,"type":"if","locations":[{"start":{"line":26,"column":12},"end":{"line":26,"column":12}},{"start":{"line":26,"column":12},"end":{"line":26,"column":12}}]},"4":{"line":27,"type":"if","locations":[{"start":{"line":27,"column":12},"end":{"line":27,"column":12}},{"start":{"line":27,"column":12},"end":{"line":27,"column":12}}]},"5":{"line":29,"type":"if","locations":[{"start":{"line":29,"column":12},"end":{"line":29,"column":12}},{"start":{"line":29,"column":12},"end":{"line":29,"column":12}}]},"6":{"line":33,"type":"if","locations":[{"start":{"line":33,"column":12},"end":{"line":33,"column":12}},{"start":{"line":33,"column":12},"end":{"line":33,"column":12}}]},"7":{"line":49,"type":"if","locations":[{"start":{"line":49,"column":4},"end":{"line":49,"column":4}},{"start":{"line":49,"column":4},"end":{"line":49,"column":4}}]},"8":{"line":52,"type":"binary-expr","locations":[{"start":{"line":52,"column":11},"end":{"line":52,"column":22}},{"start":{"line":52,"column":26},"end":{"line":52,"column":28}}]},"9":{"line":53,"type":"cond-expr","locations":[{"start":{"line":53,"column":67},"end":{"line":53,"column":82}},{"start":{"line":53,"column":85},"end":{"line":53,"column":104}}]},"10":{"line":54,"type":"if","locations":[{"start":{"line":54,"column":8},"end":{"line":54,"column":8}},{"start":{"line":54,"column":8},"end":{"line":54,"column":8}}]},"11":{"line":54,"type":"binary-expr","locations":[{"start":{"line":54,"column":12},"end":{"line":54,"column":25}},{"start":{"line":54,"column":29},"end":{"line":54,"column":76}}]}},"code":["var _ = require('lodash');","","// Helper function for print help","// indented output by spaces","function indent_output(n, name, description) {","    if (!n) {","        n = 0;","    }","    ","    console.log(","        _.repeat('    ', n)","        + name","        + _.repeat(' ', 32 - n * 4 - name.length)","        + description","    );","}","","// Print help for a list of commands","// It prints the command and its description, then all the options","function help(commands) {","    _.each(commands, function(command) {","        indent_output(1, command.name, command.description);","        _.each(command.options || [], function(option) {","            var after = [];","","            if (option.defaults !== undefined) after.push(\"Default is \"+option.defaults);","            if (option.values) after.push(\"Values are \"+option.values.join(\", \"));","","            if (after.length > 0) after = \"(\"+after.join(\"; \")+\")\";","            else after = \"\";","","            var optname = '--';","            if (typeof option.defaults === 'boolean') optname += '[no-]';","            optname += option.name;","            indent_output(2, optname, option.description + ' ' + after);","        });","        console.log('');","    });","}","","// Execute a command from a list","// with a specific set of args/kwargs","function exec(commands, command, args, kwargs) {","    var cmd = _.find(commands, function(_cmd) {","        return _.first(_cmd.name.split(\" \")) == command;","    });","","    // Command not found","    if (!cmd) throw new Error('Command '+command+' doesn\\'t exist, run \"gitbook help\" to list commands.');","","    // Apply defaults","    _.each(cmd.options || [], function(option) {","        kwargs[option.name] = (kwargs[option.name] === undefined)? option.defaults : kwargs[option.name];","        if (option.values && !_.includes(option.values, kwargs[option.name])) {","            throw new Error('Invalid value for option \"'+option.name+'\"');","        }","    });","","    return cmd.exec(args, kwargs);","}","","module.exports = {","    help: help,","    exec: exec","};",""],"l":{"1":1,"5":1,"6":0,"7":0,"10":0,"20":1,"21":0,"22":0,"23":0,"24":0,"26":0,"27":0,"29":0,"30":0,"32":0,"33":0,"34":0,"35":0,"37":0,"43":1,"44":0,"45":0,"49":0,"52":0,"53":0,"54":0,"55":0,"59":0,"62":1}}}